<?xml version="1.0" encoding="UTF-8"?>
  <testsuites tests="379" disabled="378" errors="1" failures="0" time="946.941701792">
      <testsuite name="End-to-End-Creating-Disk-From-Snapshot-On-Target-Datastore" package="/Users/nayakb/vsphere-csi-driver/tests/e2e/restore_on_target_ds" tests="379" disabled="0" skipped="378" errors="1" failures="0" time="946.941701792" timestamp="2025-09-30T13:37:24">
          <properties>
              <property name="SuiteSucceeded" value="false"></property>
              <property name="SuiteHasProgrammaticFocus" value="false"></property>
              <property name="SpecialSuiteFailureReason" value=""></property>
              <property name="SuiteLabels" value="[]"></property>
              <property name="RandomSeed" value="1759219644"></property>
              <property name="RandomizeAllSpecs" value="false"></property>
              <property name="LabelFilter" value=""></property>
              <property name="FocusStrings" value="Attach VM to restored PVC which already attached to original PVC,Attach VM to restored PVC which already attached to original PVC"></property>
              <property name="SkipStrings" value="--ginkgo.progress,--ginkgo.progress"></property>
              <property name="FocusFiles" value=""></property>
              <property name="SkipFiles" value=""></property>
              <property name="FailOnPending" value="false"></property>
              <property name="FailOnEmpty" value="false"></property>
              <property name="FailFast" value="false"></property>
              <property name="FlakeAttempts" value="0"></property>
              <property name="DryRun" value="false"></property>
              <property name="ParallelTotal" value="1"></property>
              <property name="OutputInterceptorMode" value=""></property>
          </properties>
          <testcase name="[It] [sig-node] Container Lifecycle Hook when create a pod with lifecycle hook should execute poststart exec hook properly [NodeConformance] [Conformance] [sig-node, NodeConformance, Conformance]" classname="End-to-End-Creating-Disk-From-Snapshot-On-Target-Datastore" status="skipped" time="0">
              <skipped message="skipped"></skipped>
          </testcase>
          <testcase name="[It] [sig-node] Container Lifecycle Hook when create a pod with lifecycle hook should execute prestop exec hook properly [NodeConformance] [Conformance] [sig-node, NodeConformance, Conformance]" classname="End-to-End-Creating-Disk-From-Snapshot-On-Target-Datastore" status="skipped" time="0">
              <skipped message="skipped"></skipped>
          </testcase>
          <testcase name="[It] [sig-node] Container Lifecycle Hook when create a pod with lifecycle hook should execute poststart http hook properly [NodeConformance] [Conformance] [sig-node, NodeConformance, Conformance]" classname="End-to-End-Creating-Disk-From-Snapshot-On-Target-Datastore" status="skipped" time="0">
              <skipped message="skipped"></skipped>
          </testcase>
          <testcase name="[It] [sig-node] Container Lifecycle Hook when create a pod with lifecycle hook should execute poststart https hook properly [MinimumKubeletVersion:1.23] [NodeConformance] [sig-node, NodeConformance]" classname="End-to-End-Creating-Disk-From-Snapshot-On-Target-Datastore" status="skipped" time="0">
              <skipped message="skipped"></skipped>
          </testcase>
          <testcase name="[It] [sig-node] Container Lifecycle Hook when create a pod with lifecycle hook should execute prestop http hook properly [NodeConformance] [Conformance] [sig-node, NodeConformance, Conformance]" classname="End-to-End-Creating-Disk-From-Snapshot-On-Target-Datastore" status="skipped" time="0">
              <skipped message="skipped"></skipped>
          </testcase>
          <testcase name="[It] [sig-node] Container Lifecycle Hook when create a pod with lifecycle hook should execute prestop https hook properly [MinimumKubeletVersion:1.23] [NodeConformance] [sig-node, NodeConformance]" classname="End-to-End-Creating-Disk-From-Snapshot-On-Target-Datastore" status="skipped" time="0">
              <skipped message="skipped"></skipped>
          </testcase>
          <testcase name="[It] [sig-node] Variable Expansion should allow composing env vars into new env vars [NodeConformance] [Conformance] [sig-node, NodeConformance, Conformance]" classname="End-to-End-Creating-Disk-From-Snapshot-On-Target-Datastore" status="skipped" time="0">
              <skipped message="skipped"></skipped>
          </testcase>
          <testcase name="[It] [sig-node] Variable Expansion should allow substituting values in a container&#39;s command [NodeConformance] [Conformance] [sig-node, NodeConformance, Conformance]" classname="End-to-End-Creating-Disk-From-Snapshot-On-Target-Datastore" status="skipped" time="0">
              <skipped message="skipped"></skipped>
          </testcase>
          <testcase name="[It] [sig-node] Variable Expansion should allow substituting values in a container&#39;s args [NodeConformance] [Conformance] [sig-node, NodeConformance, Conformance]" classname="End-to-End-Creating-Disk-From-Snapshot-On-Target-Datastore" status="skipped" time="0">
              <skipped message="skipped"></skipped>
          </testcase>
          <testcase name="[It] [sig-node] Variable Expansion should allow substituting values in a volume subpath [Conformance] [sig-node, Conformance]" classname="End-to-End-Creating-Disk-From-Snapshot-On-Target-Datastore" status="skipped" time="0">
              <skipped message="skipped"></skipped>
          </testcase>
          <testcase name="[It] [sig-node] Variable Expansion should fail substituting values in a volume subpath with backticks [Conformance] [sig-node, Conformance]" classname="End-to-End-Creating-Disk-From-Snapshot-On-Target-Datastore" status="skipped" time="0">
              <skipped message="skipped"></skipped>
          </testcase>
          <testcase name="[It] [sig-node] Variable Expansion should fail substituting values in a volume subpath with absolute path [Conformance] [sig-node, Conformance]" classname="End-to-End-Creating-Disk-From-Snapshot-On-Target-Datastore" status="skipped" time="0">
              <skipped message="skipped"></skipped>
          </testcase>
          <testcase name="[It] [sig-node] Variable Expansion should verify that a failing subpath expansion can be modified during the lifecycle of a container [Slow] [Conformance] [sig-node, Slow, Conformance]" classname="End-to-End-Creating-Disk-From-Snapshot-On-Target-Datastore" status="skipped" time="0">
              <skipped message="skipped"></skipped>
          </testcase>
          <testcase name="[It] [sig-node] Variable Expansion should succeed in writing subpaths in container [Conformance] [sig-node, Conformance]" classname="End-to-End-Creating-Disk-From-Snapshot-On-Target-Datastore" status="skipped" time="0">
              <skipped message="skipped"></skipped>
          </testcase>
          <testcase name="[It] [sig-node] Variable Expansion allow almost all printable ASCII characters as environment variable names [sig-node]" classname="End-to-End-Creating-Disk-From-Snapshot-On-Target-Datastore" status="skipped" time="0">
              <skipped message="skipped"></skipped>
          </testcase>
          <testcase name="[It] [sig-node] RuntimeClass should reject a Pod requesting a non-existent RuntimeClass [NodeConformance] [Conformance] [sig-node, NodeConformance, Conformance]" classname="End-to-End-Creating-Disk-From-Snapshot-On-Target-Datastore" status="skipped" time="0">
              <skipped message="skipped"></skipped>
          </testcase>
          <testcase name="[It] [sig-node] RuntimeClass should reject a Pod requesting a RuntimeClass with an unconfigured handler [Feature:RuntimeHandler] [sig-node, Feature:RuntimeHandler]" classname="End-to-End-Creating-Disk-From-Snapshot-On-Target-Datastore" status="skipped" time="0">
              <skipped message="skipped"></skipped>
          </testcase>
          <testcase name="[It] [sig-node] RuntimeClass should run a Pod requesting a RuntimeClass with a configured handler [Feature:RuntimeHandler] [sig-node, Feature:RuntimeHandler]" classname="End-to-End-Creating-Disk-From-Snapshot-On-Target-Datastore" status="skipped" time="0">
              <skipped message="skipped"></skipped>
          </testcase>
          <testcase name="[It] [sig-node] RuntimeClass should schedule a Pod requesting a RuntimeClass without PodOverhead [NodeConformance] [Conformance] [sig-node, NodeConformance, Conformance]" classname="End-to-End-Creating-Disk-From-Snapshot-On-Target-Datastore" status="skipped" time="0">
              <skipped message="skipped"></skipped>
          </testcase>
          <testcase name="[It] [sig-node] RuntimeClass should schedule a Pod requesting a RuntimeClass and initialize its Overhead [NodeConformance] [Conformance] [sig-node, NodeConformance, Conformance]" classname="End-to-End-Creating-Disk-From-Snapshot-On-Target-Datastore" status="skipped" time="0">
              <skipped message="skipped"></skipped>
          </testcase>
          <testcase name="[It] [sig-node] RuntimeClass should reject a Pod requesting a deleted RuntimeClass [NodeConformance] [Conformance] [sig-node, NodeConformance, Conformance]" classname="End-to-End-Creating-Disk-From-Snapshot-On-Target-Datastore" status="skipped" time="0">
              <skipped message="skipped"></skipped>
          </testcase>
          <testcase name="[It] [sig-node] RuntimeClass should support RuntimeClasses API operations [Conformance] [sig-node, Conformance]" classname="End-to-End-Creating-Disk-From-Snapshot-On-Target-Datastore" status="skipped" time="0">
              <skipped message="skipped"></skipped>
          </testcase>
          <testcase name="[It] [sig-node] Downward API [Serial] [Disruptive] [Feature:DownwardAPIHugePages] Downward API tests for hugepages should provide container&#39;s limits.hugepages-&lt;pagesize&gt; and requests.hugepages-&lt;pagesize&gt; as env vars [sig-node, Serial, Disruptive, Feature:DownwardAPIHugePages]" classname="End-to-End-Creating-Disk-From-Snapshot-On-Target-Datastore" status="skipped" time="0">
              <skipped message="skipped"></skipped>
          </testcase>
          <testcase name="[It] [sig-node] Downward API [Serial] [Disruptive] [Feature:DownwardAPIHugePages] Downward API tests for hugepages should provide default limits.hugepages-&lt;pagesize&gt; from node allocatable [sig-node, Serial, Disruptive, Feature:DownwardAPIHugePages]" classname="End-to-End-Creating-Disk-From-Snapshot-On-Target-Datastore" status="skipped" time="0">
              <skipped message="skipped"></skipped>
          </testcase>
          <testcase name="[It] [sig-node] PodOSRejection [NodeConformance] Kubelet [LinuxOnly] should reject pod when the node OS doesn&#39;t match pod&#39;s OS [sig-node, NodeConformance]" classname="End-to-End-Creating-Disk-From-Snapshot-On-Target-Datastore" status="skipped" time="0">
              <skipped message="skipped"></skipped>
          </testcase>
          <testcase name="[It] [sig-node] [Feature:SidecarContainers] [FeatureGate:SidecarContainers] Probing restartable init container with readiness probe should not be ready before initial delay and never restart [sig-node, Feature:SidecarContainers, FeatureGate:SidecarContainers]" classname="End-to-End-Creating-Disk-From-Snapshot-On-Target-Datastore" status="skipped" time="0">
              <skipped message="skipped"></skipped>
          </testcase>
          <testcase name="[It] [sig-node] [Feature:SidecarContainers] [FeatureGate:SidecarContainers] Probing restartable init container with readiness probe that fails should never be ready and never restart [sig-node, Feature:SidecarContainers, FeatureGate:SidecarContainers]" classname="End-to-End-Creating-Disk-From-Snapshot-On-Target-Datastore" status="skipped" time="0">
              <skipped message="skipped"></skipped>
          </testcase>
          <testcase name="[It] [sig-node] [Feature:SidecarContainers] [FeatureGate:SidecarContainers] Probing restartable init container should be restarted with a exec &#34;cat /tmp/health&#34; liveness probe [sig-node, Feature:SidecarContainers, FeatureGate:SidecarContainers]" classname="End-to-End-Creating-Disk-From-Snapshot-On-Target-Datastore" status="skipped" time="0">
              <skipped message="skipped"></skipped>
          </testcase>
          <testcase name="[It] [sig-node] [Feature:SidecarContainers] [FeatureGate:SidecarContainers] Probing restartable init container should *not* be restarted with a exec &#34;cat /tmp/health&#34; liveness probe [sig-node, Feature:SidecarContainers, FeatureGate:SidecarContainers]" classname="End-to-End-Creating-Disk-From-Snapshot-On-Target-Datastore" status="skipped" time="0">
              <skipped message="skipped"></skipped>
          </testcase>
          <testcase name="[It] [sig-node] [Feature:SidecarContainers] [FeatureGate:SidecarContainers] Probing restartable init container should be restarted with a /healthz http liveness probe [sig-node, Feature:SidecarContainers, FeatureGate:SidecarContainers]" classname="End-to-End-Creating-Disk-From-Snapshot-On-Target-Datastore" status="skipped" time="0">
              <skipped message="skipped"></skipped>
          </testcase>
          <testcase name="[It] [sig-node] [Feature:SidecarContainers] [FeatureGate:SidecarContainers] Probing restartable init container should *not* be restarted with a tcp:8080 liveness probe [sig-node, Feature:SidecarContainers, FeatureGate:SidecarContainers]" classname="End-to-End-Creating-Disk-From-Snapshot-On-Target-Datastore" status="skipped" time="0">
              <skipped message="skipped"></skipped>
          </testcase>
          <testcase name="[It] [sig-node] [Feature:SidecarContainers] [FeatureGate:SidecarContainers] Probing restartable init container should have monotonically increasing restart count [sig-node, Feature:SidecarContainers, FeatureGate:SidecarContainers]" classname="End-to-End-Creating-Disk-From-Snapshot-On-Target-Datastore" status="skipped" time="0">
              <skipped message="skipped"></skipped>
          </testcase>
          <testcase name="[It] [sig-node] [Feature:SidecarContainers] [FeatureGate:SidecarContainers] Probing restartable init container should *not* be restarted with a /healthz http liveness probe [sig-node, Feature:SidecarContainers, FeatureGate:SidecarContainers]" classname="End-to-End-Creating-Disk-From-Snapshot-On-Target-Datastore" status="skipped" time="0">
              <skipped message="skipped"></skipped>
          </testcase>
          <testcase name="[It] [sig-node] [Feature:SidecarContainers] [FeatureGate:SidecarContainers] Probing restartable init container should be restarted with an exec liveness probe with timeout [MinimumKubeletVersion:1.20] [sig-node, Feature:SidecarContainers, FeatureGate:SidecarContainers]" classname="End-to-End-Creating-Disk-From-Snapshot-On-Target-Datastore" status="skipped" time="0">
              <skipped message="skipped"></skipped>
          </testcase>
          <testcase name="[It] [sig-node] [Feature:SidecarContainers] [FeatureGate:SidecarContainers] Probing restartable init container should not be ready with an exec readiness probe timeout [MinimumKubeletVersion:1.20] [sig-node, Feature:SidecarContainers, FeatureGate:SidecarContainers]" classname="End-to-End-Creating-Disk-From-Snapshot-On-Target-Datastore" status="skipped" time="0">
              <skipped message="skipped"></skipped>
          </testcase>
          <testcase name="[It] [sig-node] [Feature:SidecarContainers] [FeatureGate:SidecarContainers] Probing restartable init container should be restarted with a failing exec liveness probe that took longer than the timeout [sig-node, Feature:SidecarContainers, FeatureGate:SidecarContainers]" classname="End-to-End-Creating-Disk-From-Snapshot-On-Target-Datastore" status="skipped" time="0">
              <skipped message="skipped"></skipped>
          </testcase>
          <testcase name="[It] [sig-node] [Feature:SidecarContainers] [FeatureGate:SidecarContainers] Probing restartable init container should be restarted with a local redirect http liveness probe [sig-node, Feature:SidecarContainers, FeatureGate:SidecarContainers]" classname="End-to-End-Creating-Disk-From-Snapshot-On-Target-Datastore" status="skipped" time="0">
              <skipped message="skipped"></skipped>
          </testcase>
          <testcase name="[It] [sig-node] [Feature:SidecarContainers] [FeatureGate:SidecarContainers] Probing restartable init container should *not* be restarted with a non-local redirect http liveness probe [sig-node, Feature:SidecarContainers, FeatureGate:SidecarContainers]" classname="End-to-End-Creating-Disk-From-Snapshot-On-Target-Datastore" status="skipped" time="0">
              <skipped message="skipped"></skipped>
          </testcase>
          <testcase name="[It] [sig-node] [Feature:SidecarContainers] [FeatureGate:SidecarContainers] Probing restartable init container should be restarted startup probe fails [sig-node, Feature:SidecarContainers, FeatureGate:SidecarContainers]" classname="End-to-End-Creating-Disk-From-Snapshot-On-Target-Datastore" status="skipped" time="0">
              <skipped message="skipped"></skipped>
          </testcase>
          <testcase name="[It] [sig-node] [Feature:SidecarContainers] [FeatureGate:SidecarContainers] Probing restartable init container should *not* be restarted by liveness probe because startup probe delays it [sig-node, Feature:SidecarContainers, FeatureGate:SidecarContainers]" classname="End-to-End-Creating-Disk-From-Snapshot-On-Target-Datastore" status="skipped" time="0">
              <skipped message="skipped"></skipped>
          </testcase>
          <testcase name="[It] [sig-node] [Feature:SidecarContainers] [FeatureGate:SidecarContainers] Probing restartable init container should be restarted by liveness probe after startup probe enables it [sig-node, Feature:SidecarContainers, FeatureGate:SidecarContainers]" classname="End-to-End-Creating-Disk-From-Snapshot-On-Target-Datastore" status="skipped" time="0">
              <skipped message="skipped"></skipped>
          </testcase>
          <testcase name="[It] [sig-node] [Feature:SidecarContainers] [FeatureGate:SidecarContainers] Probing restartable init container should be ready immediately after startupProbe succeeds [sig-node, Feature:SidecarContainers, FeatureGate:SidecarContainers]" classname="End-to-End-Creating-Disk-From-Snapshot-On-Target-Datastore" status="skipped" time="0">
              <skipped message="skipped"></skipped>
          </testcase>
          <testcase name="[It] [sig-node] [Feature:SidecarContainers] [FeatureGate:SidecarContainers] Probing restartable init container should override timeoutGracePeriodSeconds when LivenessProbe field is set [sig-node, Feature:SidecarContainers, FeatureGate:SidecarContainers]" classname="End-to-End-Creating-Disk-From-Snapshot-On-Target-Datastore" status="skipped" time="0">
              <skipped message="skipped"></skipped>
          </testcase>
          <testcase name="[It] [sig-node] [Feature:SidecarContainers] [FeatureGate:SidecarContainers] Probing restartable init container should override timeoutGracePeriodSeconds when StartupProbe field is set [sig-node, Feature:SidecarContainers, FeatureGate:SidecarContainers]" classname="End-to-End-Creating-Disk-From-Snapshot-On-Target-Datastore" status="skipped" time="0">
              <skipped message="skipped"></skipped>
          </testcase>
          <testcase name="[It] [sig-node] [Feature:SidecarContainers] [FeatureGate:SidecarContainers] Probing restartable init container should *not* be restarted with a GRPC liveness probe [sig-node, Feature:SidecarContainers, FeatureGate:SidecarContainers]" classname="End-to-End-Creating-Disk-From-Snapshot-On-Target-Datastore" status="skipped" time="0">
              <skipped message="skipped"></skipped>
          </testcase>
          <testcase name="[It] [sig-node] [Feature:SidecarContainers] [FeatureGate:SidecarContainers] Probing restartable init container should be restarted with a GRPC liveness probe [sig-node, Feature:SidecarContainers, FeatureGate:SidecarContainers]" classname="End-to-End-Creating-Disk-From-Snapshot-On-Target-Datastore" status="skipped" time="0">
              <skipped message="skipped"></skipped>
          </testcase>
          <testcase name="[It] [sig-node] [Feature:SidecarContainers] [FeatureGate:SidecarContainers] Probing restartable init container should mark readiness on pods to false while pod is in progress of terminating when a pod has a readiness probe [sig-node, Feature:SidecarContainers, FeatureGate:SidecarContainers]" classname="End-to-End-Creating-Disk-From-Snapshot-On-Target-Datastore" status="skipped" time="0">
              <skipped message="skipped"></skipped>
          </testcase>
          <testcase name="[It] [sig-node] [Feature:SidecarContainers] [FeatureGate:SidecarContainers] Probing restartable init container should mark readiness on pods to false and disable liveness probes while pod is in progress of terminating [sig-node, Feature:SidecarContainers, FeatureGate:SidecarContainers]" classname="End-to-End-Creating-Disk-From-Snapshot-On-Target-Datastore" status="skipped" time="0">
              <skipped message="skipped"></skipped>
          </testcase>
          <testcase name="[It] [sig-storage] Projected downwardAPI should provide podname only [NodeConformance] [Conformance] [sig-storage, NodeConformance, Conformance]" classname="End-to-End-Creating-Disk-From-Snapshot-On-Target-Datastore" status="skipped" time="0">
              <skipped message="skipped"></skipped>
          </testcase>
          <testcase name="[It] [sig-storage] Projected downwardAPI should set DefaultMode on files [LinuxOnly] [NodeConformance] [Conformance] [sig-storage, NodeConformance, Conformance]" classname="End-to-End-Creating-Disk-From-Snapshot-On-Target-Datastore" status="skipped" time="0">
              <skipped message="skipped"></skipped>
          </testcase>
          <testcase name="[It] [sig-storage] Projected downwardAPI should set mode on item file [LinuxOnly] [NodeConformance] [Conformance] [sig-storage, NodeConformance, Conformance]" classname="End-to-End-Creating-Disk-From-Snapshot-On-Target-Datastore" status="skipped" time="0">
              <skipped message="skipped"></skipped>
          </testcase>
          <testcase name="[It] [sig-storage] Projected downwardAPI should provide podname as non-root with fsgroup [LinuxOnly] [sig-storage]" classname="End-to-End-Creating-Disk-From-Snapshot-On-Target-Datastore" status="skipped" time="0">
              <skipped message="skipped"></skipped>
          </testcase>
          <testcase name="[It] [sig-storage] Projected downwardAPI should provide podname as non-root with fsgroup and defaultMode [LinuxOnly] [sig-storage]" classname="End-to-End-Creating-Disk-From-Snapshot-On-Target-Datastore" status="skipped" time="0">
              <skipped message="skipped"></skipped>
          </testcase>
          <testcase name="[It] [sig-storage] Projected downwardAPI should update labels on modification [NodeConformance] [Conformance] [sig-storage, NodeConformance, Conformance]" classname="End-to-End-Creating-Disk-From-Snapshot-On-Target-Datastore" status="skipped" time="0">
              <skipped message="skipped"></skipped>
          </testcase>
          <testcase name="[It] [sig-storage] Projected downwardAPI should update annotations on modification [NodeConformance] [Conformance] [sig-storage, NodeConformance, Conformance]" classname="End-to-End-Creating-Disk-From-Snapshot-On-Target-Datastore" status="skipped" time="0">
              <skipped message="skipped"></skipped>
          </testcase>
          <testcase name="[It] [sig-storage] Projected downwardAPI should provide container&#39;s cpu limit [NodeConformance] [Conformance] [sig-storage, NodeConformance, Conformance]" classname="End-to-End-Creating-Disk-From-Snapshot-On-Target-Datastore" status="skipped" time="0">
              <skipped message="skipped"></skipped>
          </testcase>
          <testcase name="[It] [sig-storage] Projected downwardAPI should provide container&#39;s memory limit [NodeConformance] [Conformance] [sig-storage, NodeConformance, Conformance]" classname="End-to-End-Creating-Disk-From-Snapshot-On-Target-Datastore" status="skipped" time="0">
              <skipped message="skipped"></skipped>
          </testcase>
          <testcase name="[It] [sig-storage] Projected downwardAPI should provide container&#39;s cpu request [NodeConformance] [Conformance] [sig-storage, NodeConformance, Conformance]" classname="End-to-End-Creating-Disk-From-Snapshot-On-Target-Datastore" status="skipped" time="0">
              <skipped message="skipped"></skipped>
          </testcase>
          <testcase name="[It] [sig-storage] Projected downwardAPI should provide container&#39;s memory request [NodeConformance] [Conformance] [sig-storage, NodeConformance, Conformance]" classname="End-to-End-Creating-Disk-From-Snapshot-On-Target-Datastore" status="skipped" time="0">
              <skipped message="skipped"></skipped>
          </testcase>
          <testcase name="[It] [sig-storage] Projected downwardAPI should provide node allocatable (cpu) as default cpu limit if the limit is not set [NodeConformance] [Conformance] [sig-storage, NodeConformance, Conformance]" classname="End-to-End-Creating-Disk-From-Snapshot-On-Target-Datastore" status="skipped" time="0">
              <skipped message="skipped"></skipped>
          </testcase>
          <testcase name="[It] [sig-storage] Projected downwardAPI should provide node allocatable (memory) as default memory limit if the limit is not set [NodeConformance] [Conformance] [sig-storage, NodeConformance, Conformance]" classname="End-to-End-Creating-Disk-From-Snapshot-On-Target-Datastore" status="skipped" time="0">
              <skipped message="skipped"></skipped>
          </testcase>
          <testcase name="[It] [sig-node] Pods should get a host IP [NodeConformance] [Conformance] [sig-node, NodeConformance, Conformance]" classname="End-to-End-Creating-Disk-From-Snapshot-On-Target-Datastore" status="skipped" time="0">
              <skipped message="skipped"></skipped>
          </testcase>
          <testcase name="[It] [sig-node] Pods should be submitted and removed [NodeConformance] [Conformance] [sig-node, NodeConformance, Conformance]" classname="End-to-End-Creating-Disk-From-Snapshot-On-Target-Datastore" status="skipped" time="0">
              <skipped message="skipped"></skipped>
          </testcase>
          <testcase name="[It] [sig-node] Pods should be updated [NodeConformance] [Conformance] [sig-node, NodeConformance, Conformance]" classname="End-to-End-Creating-Disk-From-Snapshot-On-Target-Datastore" status="skipped" time="0">
              <skipped message="skipped"></skipped>
          </testcase>
          <testcase name="[It] [sig-node] Pods should allow activeDeadlineSeconds to be updated [NodeConformance] [Conformance] [sig-node, NodeConformance, Conformance]" classname="End-to-End-Creating-Disk-From-Snapshot-On-Target-Datastore" status="skipped" time="0">
              <skipped message="skipped"></skipped>
          </testcase>
          <testcase name="[It] [sig-node] Pods should contain environment variables for services [NodeConformance] [Conformance] [sig-node, NodeConformance, Conformance]" classname="End-to-End-Creating-Disk-From-Snapshot-On-Target-Datastore" status="skipped" time="0">
              <skipped message="skipped"></skipped>
          </testcase>
          <testcase name="[It] [sig-node] Pods should support remote command execution over websockets [NodeConformance] [Conformance] [sig-node, NodeConformance, Conformance]" classname="End-to-End-Creating-Disk-From-Snapshot-On-Target-Datastore" status="skipped" time="0">
              <skipped message="skipped"></skipped>
          </testcase>
          <testcase name="[It] [sig-node] Pods should support retrieving logs from the container over websockets [NodeConformance] [Conformance] [sig-node, NodeConformance, Conformance]" classname="End-to-End-Creating-Disk-From-Snapshot-On-Target-Datastore" status="skipped" time="0">
              <skipped message="skipped"></skipped>
          </testcase>
          <testcase name="[It] [sig-node] Pods should have their auto-restart back-off timer reset on image update [Slow] [NodeConformance] [sig-node, Slow, NodeConformance]" classname="End-to-End-Creating-Disk-From-Snapshot-On-Target-Datastore" status="skipped" time="0">
              <skipped message="skipped"></skipped>
          </testcase>
          <testcase name="[It] [sig-node] Pods should cap back-off at MaxContainerBackOff [Slow] [NodeConformance] [sig-node, Slow, NodeConformance]" classname="End-to-End-Creating-Disk-From-Snapshot-On-Target-Datastore" status="skipped" time="0">
              <skipped message="skipped"></skipped>
          </testcase>
          <testcase name="[It] [sig-node] Pods should support pod readiness gates [NodeConformance] [sig-node, NodeConformance]" classname="End-to-End-Creating-Disk-From-Snapshot-On-Target-Datastore" status="skipped" time="0">
              <skipped message="skipped"></skipped>
          </testcase>
          <testcase name="[It] [sig-node] Pods should delete a collection of pods [Conformance] [sig-node, Conformance]" classname="End-to-End-Creating-Disk-From-Snapshot-On-Target-Datastore" status="skipped" time="0">
              <skipped message="skipped"></skipped>
          </testcase>
          <testcase name="[It] [sig-node] Pods should run through the lifecycle of Pods and PodStatus [Conformance] [sig-node, Conformance]" classname="End-to-End-Creating-Disk-From-Snapshot-On-Target-Datastore" status="skipped" time="0">
              <skipped message="skipped"></skipped>
          </testcase>
          <testcase name="[It] [sig-node] Pods should patch a pod status [Conformance] [sig-node, Conformance]" classname="End-to-End-Creating-Disk-From-Snapshot-On-Target-Datastore" status="skipped" time="0">
              <skipped message="skipped"></skipped>
          </testcase>
          <testcase name="[It] [sig-node] Lifecycle Sleep Hook when create a pod with lifecycle hook using sleep action valid prestop hook using sleep action [sig-node]" classname="End-to-End-Creating-Disk-From-Snapshot-On-Target-Datastore" status="skipped" time="0">
              <skipped message="skipped"></skipped>
          </testcase>
          <testcase name="[It] [sig-node] Lifecycle Sleep Hook when create a pod with lifecycle hook using sleep action reduce GracePeriodSeconds during runtime [sig-node]" classname="End-to-End-Creating-Disk-From-Snapshot-On-Target-Datastore" status="skipped" time="0">
              <skipped message="skipped"></skipped>
          </testcase>
          <testcase name="[It] [sig-node] Lifecycle Sleep Hook when create a pod with lifecycle hook using sleep action ignore terminated container [sig-node]" classname="End-to-End-Creating-Disk-From-Snapshot-On-Target-Datastore" status="skipped" time="0">
              <skipped message="skipped"></skipped>
          </testcase>
          <testcase name="[It] [sig-node] Pod Level Resources [Serial] [Feature:PodLevelResources] [FeatureGate:PodLevelResources] [Beta] Burstable QoS pod with container resources [sig-node, Serial, Feature:PodLevelResources, FeatureGate:PodLevelResources, Beta]" classname="End-to-End-Creating-Disk-From-Snapshot-On-Target-Datastore" status="skipped" time="0">
              <skipped message="skipped"></skipped>
          </testcase>
          <testcase name="[It] [sig-node] Pod Level Resources [Serial] [Feature:PodLevelResources] [FeatureGate:PodLevelResources] [Beta] Burstable QoS pod, 1 container with resources [sig-node, Serial, Feature:PodLevelResources, FeatureGate:PodLevelResources, Beta]" classname="End-to-End-Creating-Disk-From-Snapshot-On-Target-Datastore" status="skipped" time="0">
              <skipped message="skipped"></skipped>
          </testcase>
          <testcase name="[It] [sig-node] Pod Level Resources [Serial] [Feature:PodLevelResources] [FeatureGate:PodLevelResources] [Beta] Burstable QoS pod, no container resources [sig-node, Serial, Feature:PodLevelResources, FeatureGate:PodLevelResources, Beta]" classname="End-to-End-Creating-Disk-From-Snapshot-On-Target-Datastore" status="skipped" time="0">
              <skipped message="skipped"></skipped>
          </testcase>
          <testcase name="[It] [sig-node] Pod Level Resources [Serial] [Feature:PodLevelResources] [FeatureGate:PodLevelResources] [Beta] Guaranteed QoS pod with container resources [sig-node, Serial, Feature:PodLevelResources, FeatureGate:PodLevelResources, Beta]" classname="End-to-End-Creating-Disk-From-Snapshot-On-Target-Datastore" status="skipped" time="0">
              <skipped message="skipped"></skipped>
          </testcase>
          <testcase name="[It] [sig-node] Pod Level Resources [Serial] [Feature:PodLevelResources] [FeatureGate:PodLevelResources] [Beta] Guaranteed QoS pod with container resources [sig-node, Serial, Feature:PodLevelResources, FeatureGate:PodLevelResources, Beta]" classname="End-to-End-Creating-Disk-From-Snapshot-On-Target-Datastore" status="skipped" time="0">
              <skipped message="skipped"></skipped>
          </testcase>
          <testcase name="[It] [sig-node] Pod Level Resources [Serial] [Feature:PodLevelResources] [FeatureGate:PodLevelResources] [Beta] Guaranteed QoS pod, 1 container with resources [sig-node, Serial, Feature:PodLevelResources, FeatureGate:PodLevelResources, Beta]" classname="End-to-End-Creating-Disk-From-Snapshot-On-Target-Datastore" status="skipped" time="0">
              <skipped message="skipped"></skipped>
          </testcase>
          <testcase name="[It] [sig-node] Pod Level Resources [Serial] [Feature:PodLevelResources] [FeatureGate:PodLevelResources] [Beta] Guaranteed QoS pod, no container resources [sig-node, Serial, Feature:PodLevelResources, FeatureGate:PodLevelResources, Beta]" classname="End-to-End-Creating-Disk-From-Snapshot-On-Target-Datastore" status="skipped" time="0">
              <skipped message="skipped"></skipped>
          </testcase>
          <testcase name="[It] [sig-node] PrivilegedPod [NodeConformance] should enable privileged commands [LinuxOnly] [sig-node, NodeConformance]" classname="End-to-End-Creating-Disk-From-Snapshot-On-Target-Datastore" status="skipped" time="0">
              <skipped message="skipped"></skipped>
          </testcase>
          <testcase name="[It] [sig-node] [Feature:SidecarContainers] [FeatureGate:SidecarContainers] Restartable Init Container Lifecycle Hook when create a pod with lifecycle hook should execute poststart exec hook properly [sig-node, Feature:SidecarContainers, FeatureGate:SidecarContainers]" classname="End-to-End-Creating-Disk-From-Snapshot-On-Target-Datastore" status="skipped" time="0">
              <skipped message="skipped"></skipped>
          </testcase>
          <testcase name="[It] [sig-node] [Feature:SidecarContainers] [FeatureGate:SidecarContainers] Restartable Init Container Lifecycle Hook when create a pod with lifecycle hook should execute prestop exec hook properly [sig-node, Feature:SidecarContainers, FeatureGate:SidecarContainers]" classname="End-to-End-Creating-Disk-From-Snapshot-On-Target-Datastore" status="skipped" time="0">
              <skipped message="skipped"></skipped>
          </testcase>
          <testcase name="[It] [sig-node] [Feature:SidecarContainers] [FeatureGate:SidecarContainers] Restartable Init Container Lifecycle Hook when create a pod with lifecycle hook should execute poststart http hook properly [sig-node, Feature:SidecarContainers, FeatureGate:SidecarContainers]" classname="End-to-End-Creating-Disk-From-Snapshot-On-Target-Datastore" status="skipped" time="0">
              <skipped message="skipped"></skipped>
          </testcase>
          <testcase name="[It] [sig-node] [Feature:SidecarContainers] [FeatureGate:SidecarContainers] Restartable Init Container Lifecycle Hook when create a pod with lifecycle hook should execute poststart https hook properly [MinimumKubeletVersion:1.23] [sig-node, Feature:SidecarContainers, FeatureGate:SidecarContainers]" classname="End-to-End-Creating-Disk-From-Snapshot-On-Target-Datastore" status="skipped" time="0">
              <skipped message="skipped"></skipped>
          </testcase>
          <testcase name="[It] [sig-node] [Feature:SidecarContainers] [FeatureGate:SidecarContainers] Restartable Init Container Lifecycle Hook when create a pod with lifecycle hook should execute prestop http hook properly [sig-node, Feature:SidecarContainers, FeatureGate:SidecarContainers]" classname="End-to-End-Creating-Disk-From-Snapshot-On-Target-Datastore" status="skipped" time="0">
              <skipped message="skipped"></skipped>
          </testcase>
          <testcase name="[It] [sig-node] [Feature:SidecarContainers] [FeatureGate:SidecarContainers] Restartable Init Container Lifecycle Hook when create a pod with lifecycle hook should execute prestop https hook properly [MinimumKubeletVersion:1.23] [sig-node, Feature:SidecarContainers, FeatureGate:SidecarContainers]" classname="End-to-End-Creating-Disk-From-Snapshot-On-Target-Datastore" status="skipped" time="0">
              <skipped message="skipped"></skipped>
          </testcase>
          <testcase name="[It] [rwx-vmsvc-vm] RWX support with VMService Vms Dynamic PVC creation with multiple VMServiceVMs [p0, file, wcp, vmServiceVm, vc901]" classname="End-to-End-Creating-Disk-From-Snapshot-On-Target-Datastore" status="skipped" time="0">
              <skipped message="skipped"></skipped>
          </testcase>
          <testcase name="[It] [rwx-vmsvc-vm] RWX support with VMService Vms Delete PVC with CFC crd still existing [p0, file, wcp, vmServiceVm, vc901]" classname="End-to-End-Creating-Disk-From-Snapshot-On-Target-Datastore" status="skipped" time="0">
              <skipped message="skipped"></skipped>
          </testcase>
          <testcase name="[It] [rwx-vmsvc-vm] RWX support with VMService Vms RWX Volume attachment to powered off VMs [p0, file, wcp, vmServiceVm, vc901]" classname="End-to-End-Creating-Disk-From-Snapshot-On-Target-Datastore" status="skipped" time="0">
              <skipped message="skipped"></skipped>
          </testcase>
          <testcase name="[It] [sig-node] Containers should use the image defaults if command and args are blank [NodeConformance] [Conformance] [sig-node, NodeConformance, Conformance]" classname="End-to-End-Creating-Disk-From-Snapshot-On-Target-Datastore" status="skipped" time="0">
              <skipped message="skipped"></skipped>
          </testcase>
          <testcase name="[It] [sig-node] Containers should be able to override the image&#39;s default arguments (container cmd) [NodeConformance] [Conformance] [sig-node, NodeConformance, Conformance]" classname="End-to-End-Creating-Disk-From-Snapshot-On-Target-Datastore" status="skipped" time="0">
              <skipped message="skipped"></skipped>
          </testcase>
          <testcase name="[It] [sig-node] Containers should be able to override the image&#39;s default command (container entrypoint) [NodeConformance] [Conformance] [sig-node, NodeConformance, Conformance]" classname="End-to-End-Creating-Disk-From-Snapshot-On-Target-Datastore" status="skipped" time="0">
              <skipped message="skipped"></skipped>
          </testcase>
          <testcase name="[It] [sig-node] Containers should be able to override the image&#39;s default command and arguments [NodeConformance] [Conformance] [sig-node, NodeConformance, Conformance]" classname="End-to-End-Creating-Disk-From-Snapshot-On-Target-Datastore" status="skipped" time="0">
              <skipped message="skipped"></skipped>
          </testcase>
          <testcase name="[It] [sig-node] Kubelet when scheduling a busybox command in a pod should print the output to logs [NodeConformance] [Conformance] [sig-node, NodeConformance, Conformance]" classname="End-to-End-Creating-Disk-From-Snapshot-On-Target-Datastore" status="skipped" time="0">
              <skipped message="skipped"></skipped>
          </testcase>
          <testcase name="[It] [sig-node] Kubelet when scheduling a busybox command that always fails in a pod should have an terminated reason [NodeConformance] [Conformance] [sig-node, NodeConformance, Conformance]" classname="End-to-End-Creating-Disk-From-Snapshot-On-Target-Datastore" status="skipped" time="0">
              <skipped message="skipped"></skipped>
          </testcase>
          <testcase name="[It] [sig-node] Kubelet when scheduling a busybox command that always fails in a pod should be possible to delete [NodeConformance] [Conformance] [sig-node, NodeConformance, Conformance]" classname="End-to-End-Creating-Disk-From-Snapshot-On-Target-Datastore" status="skipped" time="0">
              <skipped message="skipped"></skipped>
          </testcase>
          <testcase name="[It] [sig-node] Kubelet when scheduling an agnhost Pod with hostAliases should write entries to /etc/hosts [NodeConformance] [Conformance] [sig-node, NodeConformance, Conformance]" classname="End-to-End-Creating-Disk-From-Snapshot-On-Target-Datastore" status="skipped" time="0">
              <skipped message="skipped"></skipped>
          </testcase>
          <testcase name="[It] [sig-node] Kubelet when scheduling a read only busybox container should not write to root filesystem [LinuxOnly] [NodeConformance] [Conformance] [sig-node, NodeConformance, Conformance]" classname="End-to-End-Creating-Disk-From-Snapshot-On-Target-Datastore" status="skipped" time="0">
              <skipped message="skipped"></skipped>
          </testcase>
          <testcase name="[It] [sig-node] Security Context When creating a pod with HostUsers must create the user namespace if set to false [LinuxOnly] [Feature:UserNamespacesSupport] [FeatureGate:UserNamespacesSupport] [Beta] [sig-node, Feature:UserNamespacesSupport, FeatureGate:UserNamespacesSupport, Beta]" classname="End-to-End-Creating-Disk-From-Snapshot-On-Target-Datastore" status="skipped" time="0">
              <skipped message="skipped"></skipped>
          </testcase>
          <testcase name="[It] [sig-node] Security Context When creating a pod with HostUsers must create the user namespace in the configured hostUID/hostGID range [LinuxOnly] [Feature:UserNamespacesSupport] [FeatureGate:UserNamespacesSupport] [Beta] [sig-node, Feature:UserNamespacesSupport, FeatureGate:UserNamespacesSupport, Beta]" classname="End-to-End-Creating-Disk-From-Snapshot-On-Target-Datastore" status="skipped" time="0">
              <skipped message="skipped"></skipped>
          </testcase>
          <testcase name="[It] [sig-node] Security Context When creating a pod with HostUsers must not create the user namespace if set to true [LinuxOnly] [Feature:UserNamespacesSupport] [FeatureGate:UserNamespacesSupport] [Beta] [sig-node, Feature:UserNamespacesSupport, FeatureGate:UserNamespacesSupport, Beta]" classname="End-to-End-Creating-Disk-From-Snapshot-On-Target-Datastore" status="skipped" time="0">
              <skipped message="skipped"></skipped>
          </testcase>
          <testcase name="[It] [sig-node] Security Context When creating a pod with HostUsers should mount all volumes with proper permissions with hostUsers=false [LinuxOnly] [Feature:UserNamespacesSupport] [FeatureGate:UserNamespacesSupport] [Beta] [sig-node, Feature:UserNamespacesSupport, FeatureGate:UserNamespacesSupport, Beta]" classname="End-to-End-Creating-Disk-From-Snapshot-On-Target-Datastore" status="skipped" time="0">
              <skipped message="skipped"></skipped>
          </testcase>
          <testcase name="[It] [sig-node] Security Context When creating a pod with HostUsers should set FSGroup to user inside the container with hostUsers=false [LinuxOnly] [Feature:UserNamespacesSupport] [FeatureGate:UserNamespacesSupport] [Beta] [sig-node, Feature:UserNamespacesSupport, FeatureGate:UserNamespacesSupport, Beta]" classname="End-to-End-Creating-Disk-From-Snapshot-On-Target-Datastore" status="skipped" time="0">
              <skipped message="skipped"></skipped>
          </testcase>
          <testcase name="[It] [sig-node] Security Context When creating a pod with HostUsers metrics should report count of started and failed user namespaced pods [LinuxOnly] [Feature:UserNamespacesSupport] [FeatureGate:UserNamespacesSupport] [Beta] [sig-node, Feature:UserNamespacesSupport, FeatureGate:UserNamespacesSupport, Beta]" classname="End-to-End-Creating-Disk-From-Snapshot-On-Target-Datastore" status="skipped" time="0">
              <skipped message="skipped"></skipped>
          </testcase>
          <testcase name="[It] [sig-node] Security Context When creating a container with runAsUser should run the container with uid 65534 [LinuxOnly] [NodeConformance] [Conformance] [sig-node, NodeConformance, Conformance]" classname="End-to-End-Creating-Disk-From-Snapshot-On-Target-Datastore" status="skipped" time="0">
              <skipped message="skipped"></skipped>
          </testcase>
          <testcase name="[It] [sig-node] Security Context When creating a container with runAsUser should run the container with uid 0 [LinuxOnly] [NodeConformance] [sig-node, NodeConformance]" classname="End-to-End-Creating-Disk-From-Snapshot-On-Target-Datastore" status="skipped" time="0">
              <skipped message="skipped"></skipped>
          </testcase>
          <testcase name="[It] [sig-node] Security Context When creating a container with runAsNonRoot should run with an explicit non-root user ID [LinuxOnly] [sig-node]" classname="End-to-End-Creating-Disk-From-Snapshot-On-Target-Datastore" status="skipped" time="0">
              <skipped message="skipped"></skipped>
          </testcase>
          <testcase name="[It] [sig-node] Security Context When creating a container with runAsNonRoot should not run with an explicit root user ID [LinuxOnly] [sig-node]" classname="End-to-End-Creating-Disk-From-Snapshot-On-Target-Datastore" status="skipped" time="0">
              <skipped message="skipped"></skipped>
          </testcase>
          <testcase name="[It] [sig-node] Security Context When creating a container with runAsNonRoot should run with an image specified user ID [sig-node]" classname="End-to-End-Creating-Disk-From-Snapshot-On-Target-Datastore" status="skipped" time="0">
              <skipped message="skipped"></skipped>
          </testcase>
          <testcase name="[It] [sig-node] Security Context When creating a container with runAsNonRoot should not run without a specified user ID [sig-node]" classname="End-to-End-Creating-Disk-From-Snapshot-On-Target-Datastore" status="skipped" time="0">
              <skipped message="skipped"></skipped>
          </testcase>
          <testcase name="[It] [sig-node] Security Context When creating a pod with readOnlyRootFilesystem should run the container with readonly rootfs when readOnlyRootFilesystem=true [LinuxOnly] [NodeConformance] [sig-node, NodeConformance]" classname="End-to-End-Creating-Disk-From-Snapshot-On-Target-Datastore" status="skipped" time="0">
              <skipped message="skipped"></skipped>
          </testcase>
          <testcase name="[It] [sig-node] Security Context When creating a pod with readOnlyRootFilesystem should run the container with writable rootfs when readOnlyRootFilesystem=false [NodeConformance] [Conformance] [sig-node, NodeConformance, Conformance]" classname="End-to-End-Creating-Disk-From-Snapshot-On-Target-Datastore" status="skipped" time="0">
              <skipped message="skipped"></skipped>
          </testcase>
          <testcase name="[It] [sig-node] Security Context When creating a pod with privileged should run the container as unprivileged when false [LinuxOnly] [NodeConformance] [Conformance] [sig-node, NodeConformance, Conformance]" classname="End-to-End-Creating-Disk-From-Snapshot-On-Target-Datastore" status="skipped" time="0">
              <skipped message="skipped"></skipped>
          </testcase>
          <testcase name="[It] [sig-node] Security Context When creating a pod with privileged should run the container as privileged when true [LinuxOnly] [Feature:HostAccess] [sig-node, Feature:HostAccess]" classname="End-to-End-Creating-Disk-From-Snapshot-On-Target-Datastore" status="skipped" time="0">
              <skipped message="skipped"></skipped>
          </testcase>
          <testcase name="[It] [sig-node] Security Context when creating containers with AllowPrivilegeEscalation should allow privilege escalation when not explicitly set and uid != 0 [LinuxOnly] [NodeConformance] [sig-node, NodeConformance]" classname="End-to-End-Creating-Disk-From-Snapshot-On-Target-Datastore" status="skipped" time="0">
              <skipped message="skipped"></skipped>
          </testcase>
          <testcase name="[It] [sig-node] Security Context when creating containers with AllowPrivilegeEscalation should not allow privilege escalation when false [LinuxOnly] [NodeConformance] [Conformance] [sig-node, NodeConformance, Conformance]" classname="End-to-End-Creating-Disk-From-Snapshot-On-Target-Datastore" status="skipped" time="0">
              <skipped message="skipped"></skipped>
          </testcase>
          <testcase name="[It] [sig-node] Security Context when creating containers with AllowPrivilegeEscalation should allow privilege escalation when true [LinuxOnly] [NodeConformance] [sig-node, NodeConformance]" classname="End-to-End-Creating-Disk-From-Snapshot-On-Target-Datastore" status="skipped" time="0">
              <skipped message="skipped"></skipped>
          </testcase>
          <testcase name="[It] [sig-node] Security Context SupplementalGroupsPolicy [LinuxOnly] [Feature:SupplementalGroupsPolicy] [FeatureGate:SupplementalGroupsPolicy] [Beta] when SupplementalGroupsPolicy nil in SecurityContext when if the container&#39;s primary UID belongs to some groups in the image when scheduled node does not support SupplementalGroupsPolicy it should add SupplementalGroups to them [LinuxOnly] [sig-node, Feature:SupplementalGroupsPolicy, FeatureGate:SupplementalGroupsPolicy, Beta]" classname="End-to-End-Creating-Disk-From-Snapshot-On-Target-Datastore" status="skipped" time="0">
              <skipped message="skipped"></skipped>
          </testcase>
          <testcase name="[It] [sig-node] Security Context SupplementalGroupsPolicy [LinuxOnly] [Feature:SupplementalGroupsPolicy] [FeatureGate:SupplementalGroupsPolicy] [Beta] when SupplementalGroupsPolicy nil in SecurityContext when if the container&#39;s primary UID belongs to some groups in the image when scheduled node supports SupplementalGroupsPolicy it should add SupplementalGroups to them [LinuxOnly] [sig-node, Feature:SupplementalGroupsPolicy, FeatureGate:SupplementalGroupsPolicy, Beta]" classname="End-to-End-Creating-Disk-From-Snapshot-On-Target-Datastore" status="skipped" time="0">
              <skipped message="skipped"></skipped>
          </testcase>
          <testcase name="[It] [sig-node] Security Context SupplementalGroupsPolicy [LinuxOnly] [Feature:SupplementalGroupsPolicy] [FeatureGate:SupplementalGroupsPolicy] [Beta] when SupplementalGroupsPolicy was set to Merge in PodSpec when the container&#39;s primary UID belongs to some groups in the image when scheduled node does not support SupplementalGroupsPolicy it should add SupplementalGroups to them [LinuxOnly] [sig-node, Feature:SupplementalGroupsPolicy, FeatureGate:SupplementalGroupsPolicy, Beta]" classname="End-to-End-Creating-Disk-From-Snapshot-On-Target-Datastore" status="skipped" time="0">
              <skipped message="skipped"></skipped>
          </testcase>
          <testcase name="[It] [sig-node] Security Context SupplementalGroupsPolicy [LinuxOnly] [Feature:SupplementalGroupsPolicy] [FeatureGate:SupplementalGroupsPolicy] [Beta] when SupplementalGroupsPolicy was set to Merge in PodSpec when the container&#39;s primary UID belongs to some groups in the image when scheduled node supports SupplementalGroupsPolicy it should add SupplementalGroups to them [LinuxOnly] [sig-node, Feature:SupplementalGroupsPolicy, FeatureGate:SupplementalGroupsPolicy, Beta]" classname="End-to-End-Creating-Disk-From-Snapshot-On-Target-Datastore" status="skipped" time="0">
              <skipped message="skipped"></skipped>
          </testcase>
          <testcase name="[It] [sig-node] Security Context SupplementalGroupsPolicy [LinuxOnly] [Feature:SupplementalGroupsPolicy] [FeatureGate:SupplementalGroupsPolicy] [Beta] when SupplementalGroupsPolicy was set to Strict in PodSpec when the container&#39;s primary UID belongs to some groups in the image when scheduled node does not support SupplementalGroupsPolicy it should reject the pod [LinuxOnly] [sig-node, Feature:SupplementalGroupsPolicy, FeatureGate:SupplementalGroupsPolicy, Beta]" classname="End-to-End-Creating-Disk-From-Snapshot-On-Target-Datastore" status="skipped" time="0">
              <skipped message="skipped"></skipped>
          </testcase>
          <testcase name="[It] [sig-node] Security Context SupplementalGroupsPolicy [LinuxOnly] [Feature:SupplementalGroupsPolicy] [FeatureGate:SupplementalGroupsPolicy] [Beta] when SupplementalGroupsPolicy was set to Strict in PodSpec when the container&#39;s primary UID belongs to some groups in the image when scheduled node supports SupplementalGroupsPolicy it should NOT add SupplementalGroups to them [LinuxOnly] [sig-node, Feature:SupplementalGroupsPolicy, FeatureGate:SupplementalGroupsPolicy, Beta]" classname="End-to-End-Creating-Disk-From-Snapshot-On-Target-Datastore" status="skipped" time="0">
              <skipped message="skipped"></skipped>
          </testcase>
          <testcase name="[It] [sig-node] KubeletManagedEtcHosts should test kubelet managed /etc/hosts file [NodeConformance] [Conformance] [sig-node, NodeConformance, Conformance]" classname="End-to-End-Creating-Disk-From-Snapshot-On-Target-Datastore" status="skipped" time="0">
              <skipped message="skipped"></skipped>
          </testcase>
          <testcase name="[It] [sig-storage] Projected combined should project all components that make up the projection API [Projection] [NodeConformance] [Conformance] [sig-storage, NodeConformance, Conformance]" classname="End-to-End-Creating-Disk-From-Snapshot-On-Target-Datastore" status="skipped" time="0">
              <skipped message="skipped"></skipped>
          </testcase>
          <testcase name="[It] [sig-storage] EmptyDir volumes when FSGroup is specified [LinuxOnly] new files should be created with FSGroup ownership when container is root [sig-storage]" classname="End-to-End-Creating-Disk-From-Snapshot-On-Target-Datastore" status="skipped" time="0">
              <skipped message="skipped"></skipped>
          </testcase>
          <testcase name="[It] [sig-storage] EmptyDir volumes when FSGroup is specified [LinuxOnly] new files should be created with FSGroup ownership when container is non-root [sig-storage]" classname="End-to-End-Creating-Disk-From-Snapshot-On-Target-Datastore" status="skipped" time="0">
              <skipped message="skipped"></skipped>
          </testcase>
          <testcase name="[It] [sig-storage] EmptyDir volumes when FSGroup is specified [LinuxOnly] nonexistent volume subPath should have the correct mode and owner using FSGroup [sig-storage]" classname="End-to-End-Creating-Disk-From-Snapshot-On-Target-Datastore" status="skipped" time="0">
              <skipped message="skipped"></skipped>
          </testcase>
          <testcase name="[It] [sig-storage] EmptyDir volumes when FSGroup is specified [LinuxOnly] files with FSGroup ownership should support (root,0644,tmpfs) [sig-storage]" classname="End-to-End-Creating-Disk-From-Snapshot-On-Target-Datastore" status="skipped" time="0">
              <skipped message="skipped"></skipped>
          </testcase>
          <testcase name="[It] [sig-storage] EmptyDir volumes when FSGroup is specified [LinuxOnly] volume on default medium should have the correct mode using FSGroup [sig-storage]" classname="End-to-End-Creating-Disk-From-Snapshot-On-Target-Datastore" status="skipped" time="0">
              <skipped message="skipped"></skipped>
          </testcase>
          <testcase name="[It] [sig-storage] EmptyDir volumes when FSGroup is specified [LinuxOnly] volume on tmpfs should have the correct mode using FSGroup [sig-storage]" classname="End-to-End-Creating-Disk-From-Snapshot-On-Target-Datastore" status="skipped" time="0">
              <skipped message="skipped"></skipped>
          </testcase>
          <testcase name="[It] [sig-storage] EmptyDir volumes volume on tmpfs should have the correct mode [LinuxOnly] [NodeConformance] [Conformance] [sig-storage, NodeConformance, Conformance]" classname="End-to-End-Creating-Disk-From-Snapshot-On-Target-Datastore" status="skipped" time="0">
              <skipped message="skipped"></skipped>
          </testcase>
          <testcase name="[It] [sig-storage] EmptyDir volumes should support (root,0644,tmpfs) [LinuxOnly] [NodeConformance] [Conformance] [sig-storage, NodeConformance, Conformance]" classname="End-to-End-Creating-Disk-From-Snapshot-On-Target-Datastore" status="skipped" time="0">
              <skipped message="skipped"></skipped>
          </testcase>
          <testcase name="[It] [sig-storage] EmptyDir volumes should support (root,0666,tmpfs) [LinuxOnly] [NodeConformance] [Conformance] [sig-storage, NodeConformance, Conformance]" classname="End-to-End-Creating-Disk-From-Snapshot-On-Target-Datastore" status="skipped" time="0">
              <skipped message="skipped"></skipped>
          </testcase>
          <testcase name="[It] [sig-storage] EmptyDir volumes should support (root,0777,tmpfs) [LinuxOnly] [NodeConformance] [Conformance] [sig-storage, NodeConformance, Conformance]" classname="End-to-End-Creating-Disk-From-Snapshot-On-Target-Datastore" status="skipped" time="0">
              <skipped message="skipped"></skipped>
          </testcase>
          <testcase name="[It] [sig-storage] EmptyDir volumes should support (non-root,0644,tmpfs) [LinuxOnly] [NodeConformance] [Conformance] [sig-storage, NodeConformance, Conformance]" classname="End-to-End-Creating-Disk-From-Snapshot-On-Target-Datastore" status="skipped" time="0">
              <skipped message="skipped"></skipped>
          </testcase>
          <testcase name="[It] [sig-storage] EmptyDir volumes should support (non-root,0666,tmpfs) [LinuxOnly] [NodeConformance] [Conformance] [sig-storage, NodeConformance, Conformance]" classname="End-to-End-Creating-Disk-From-Snapshot-On-Target-Datastore" status="skipped" time="0">
              <skipped message="skipped"></skipped>
          </testcase>
          <testcase name="[It] [sig-storage] EmptyDir volumes should support (non-root,0777,tmpfs) [LinuxOnly] [NodeConformance] [Conformance] [sig-storage, NodeConformance, Conformance]" classname="End-to-End-Creating-Disk-From-Snapshot-On-Target-Datastore" status="skipped" time="0">
              <skipped message="skipped"></skipped>
          </testcase>
          <testcase name="[It] [sig-storage] EmptyDir volumes volume on default medium should have the correct mode [LinuxOnly] [NodeConformance] [Conformance] [sig-storage, NodeConformance, Conformance]" classname="End-to-End-Creating-Disk-From-Snapshot-On-Target-Datastore" status="skipped" time="0">
              <skipped message="skipped"></skipped>
          </testcase>
          <testcase name="[It] [sig-storage] EmptyDir volumes should support (root,0644,default) [LinuxOnly] [NodeConformance] [Conformance] [sig-storage, NodeConformance, Conformance]" classname="End-to-End-Creating-Disk-From-Snapshot-On-Target-Datastore" status="skipped" time="0">
              <skipped message="skipped"></skipped>
          </testcase>
          <testcase name="[It] [sig-storage] EmptyDir volumes should support (root,0666,default) [LinuxOnly] [NodeConformance] [Conformance] [sig-storage, NodeConformance, Conformance]" classname="End-to-End-Creating-Disk-From-Snapshot-On-Target-Datastore" status="skipped" time="0">
              <skipped message="skipped"></skipped>
          </testcase>
          <testcase name="[It] [sig-storage] EmptyDir volumes should support (root,0777,default) [LinuxOnly] [NodeConformance] [Conformance] [sig-storage, NodeConformance, Conformance]" classname="End-to-End-Creating-Disk-From-Snapshot-On-Target-Datastore" status="skipped" time="0">
              <skipped message="skipped"></skipped>
          </testcase>
          <testcase name="[It] [sig-storage] EmptyDir volumes should support (non-root,0644,default) [LinuxOnly] [NodeConformance] [Conformance] [sig-storage, NodeConformance, Conformance]" classname="End-to-End-Creating-Disk-From-Snapshot-On-Target-Datastore" status="skipped" time="0">
              <skipped message="skipped"></skipped>
          </testcase>
          <testcase name="[It] [sig-storage] EmptyDir volumes should support (non-root,0666,default) [LinuxOnly] [NodeConformance] [Conformance] [sig-storage, NodeConformance, Conformance]" classname="End-to-End-Creating-Disk-From-Snapshot-On-Target-Datastore" status="skipped" time="0">
              <skipped message="skipped"></skipped>
          </testcase>
          <testcase name="[It] [sig-storage] EmptyDir volumes should support (non-root,0777,default) [LinuxOnly] [NodeConformance] [Conformance] [sig-storage, NodeConformance, Conformance]" classname="End-to-End-Creating-Disk-From-Snapshot-On-Target-Datastore" status="skipped" time="0">
              <skipped message="skipped"></skipped>
          </testcase>
          <testcase name="[It] [sig-storage] EmptyDir volumes pod should support shared volumes between containers [Conformance] [sig-storage, Conformance]" classname="End-to-End-Creating-Disk-From-Snapshot-On-Target-Datastore" status="skipped" time="0">
              <skipped message="skipped"></skipped>
          </testcase>
          <testcase name="[It] [sig-storage] EmptyDir volumes pod should support memory backed volumes of specified size [sig-storage]" classname="End-to-End-Creating-Disk-From-Snapshot-On-Target-Datastore" status="skipped" time="0">
              <skipped message="skipped"></skipped>
          </testcase>
          <testcase name="[It] [sig-node] Downward API [Feature:PodLevelResources] [FeatureGate:PodLevelResources] [Beta] Downward API tests for pod level resources should provide default limits.cpu/memory from pod level resources [sig-node, Feature:PodLevelResources, FeatureGate:PodLevelResources, Beta]" classname="End-to-End-Creating-Disk-From-Snapshot-On-Target-Datastore" status="skipped" time="0">
              <skipped message="skipped"></skipped>
          </testcase>
          <testcase name="[It] [sig-node] Downward API [Feature:PodLevelResources] [FeatureGate:PodLevelResources] [Beta] Downward API tests for pod level resources should provide default limits.cpu/memory from pod level resources or node allocatable [sig-node, Feature:PodLevelResources, FeatureGate:PodLevelResources, Beta]" classname="End-to-End-Creating-Disk-From-Snapshot-On-Target-Datastore" status="skipped" time="0">
              <skipped message="skipped"></skipped>
          </testcase>
          <testcase name="[It] [sig-storage] Downward API [Serial] [Disruptive] [Feature:EphemeralStorage] Downward API tests for local ephemeral storage should provide container&#39;s limits.ephemeral-storage and requests.ephemeral-storage as env vars [sig-storage, Serial, Disruptive, Feature:EphemeralStorage]" classname="End-to-End-Creating-Disk-From-Snapshot-On-Target-Datastore" status="skipped" time="0">
              <skipped message="skipped"></skipped>
          </testcase>
          <testcase name="[It] [sig-storage] Downward API [Serial] [Disruptive] [Feature:EphemeralStorage] Downward API tests for local ephemeral storage should provide default limits.ephemeral-storage from node allocatable [sig-storage, Serial, Disruptive, Feature:EphemeralStorage]" classname="End-to-End-Creating-Disk-From-Snapshot-On-Target-Datastore" status="skipped" time="0">
              <skipped message="skipped"></skipped>
          </testcase>
          <testcase name="[It] [sig-storage] HostPath should give a volume the correct mode [LinuxOnly] [NodeConformance] [sig-storage, NodeConformance]" classname="End-to-End-Creating-Disk-From-Snapshot-On-Target-Datastore" status="skipped" time="0">
              <skipped message="skipped"></skipped>
          </testcase>
          <testcase name="[It] [sig-storage] HostPath should support r/w [NodeConformance] [sig-storage, NodeConformance]" classname="End-to-End-Creating-Disk-From-Snapshot-On-Target-Datastore" status="skipped" time="0">
              <skipped message="skipped"></skipped>
          </testcase>
          <testcase name="[It] [sig-storage] HostPath should support subPath [NodeConformance] [sig-storage, NodeConformance]" classname="End-to-End-Creating-Disk-From-Snapshot-On-Target-Datastore" status="skipped" time="0">
              <skipped message="skipped"></skipped>
          </testcase>
          <testcase name="[It] [sig-node] User Namespaces for Pod Security Standards [LinuxOnly] with UserNamespacesSupport and UserNamespacesPodSecurityStandards enabled should allow pod [Feature:UserNamespacesPodSecurityStandards] [FeatureGate:UserNamespacesSupport] [Beta] [FeatureGate:UserNamespacesPodSecurityStandards] [Alpha] [Feature:OffByDefault] [sig-node, Feature:UserNamespacesPodSecurityStandards, FeatureGate:UserNamespacesSupport, Beta, FeatureGate:UserNamespacesPodSecurityStandards, Alpha, Feature:OffByDefault]" classname="End-to-End-Creating-Disk-From-Snapshot-On-Target-Datastore" status="skipped" time="0">
              <skipped message="skipped"></skipped>
          </testcase>
          <testcase name="[It] [sig-storage] ConfigMap should be consumable from pods in volume [NodeConformance] [Conformance] [sig-storage, NodeConformance, Conformance]" classname="End-to-End-Creating-Disk-From-Snapshot-On-Target-Datastore" status="skipped" time="0">
              <skipped message="skipped"></skipped>
          </testcase>
          <testcase name="[It] [sig-storage] ConfigMap should be consumable from pods in volume with defaultMode set [LinuxOnly] [NodeConformance] [Conformance] [sig-storage, NodeConformance, Conformance]" classname="End-to-End-Creating-Disk-From-Snapshot-On-Target-Datastore" status="skipped" time="0">
              <skipped message="skipped"></skipped>
          </testcase>
          <testcase name="[It] [sig-storage] ConfigMap should be consumable from pods in volume as non-root with defaultMode and fsGroup set [LinuxOnly] [sig-storage]" classname="End-to-End-Creating-Disk-From-Snapshot-On-Target-Datastore" status="skipped" time="0">
              <skipped message="skipped"></skipped>
          </testcase>
          <testcase name="[It] [sig-storage] ConfigMap should be consumable from pods in volume as non-root [NodeConformance] [Conformance] [sig-storage, NodeConformance, Conformance]" classname="End-to-End-Creating-Disk-From-Snapshot-On-Target-Datastore" status="skipped" time="0">
              <skipped message="skipped"></skipped>
          </testcase>
          <testcase name="[It] [sig-storage] ConfigMap should be consumable from pods in volume as non-root with FSGroup [LinuxOnly] [sig-storage]" classname="End-to-End-Creating-Disk-From-Snapshot-On-Target-Datastore" status="skipped" time="0">
              <skipped message="skipped"></skipped>
          </testcase>
          <testcase name="[It] [sig-storage] ConfigMap should be consumable from pods in volume with mappings [NodeConformance] [Conformance] [sig-storage, NodeConformance, Conformance]" classname="End-to-End-Creating-Disk-From-Snapshot-On-Target-Datastore" status="skipped" time="0">
              <skipped message="skipped"></skipped>
          </testcase>
          <testcase name="[It] [sig-storage] ConfigMap should be consumable from pods in volume with mappings and Item mode set [LinuxOnly] [NodeConformance] [Conformance] [sig-storage, NodeConformance, Conformance]" classname="End-to-End-Creating-Disk-From-Snapshot-On-Target-Datastore" status="skipped" time="0">
              <skipped message="skipped"></skipped>
          </testcase>
          <testcase name="[It] [sig-storage] ConfigMap should be consumable from pods in volume with mappings as non-root [NodeConformance] [Conformance] [sig-storage, NodeConformance, Conformance]" classname="End-to-End-Creating-Disk-From-Snapshot-On-Target-Datastore" status="skipped" time="0">
              <skipped message="skipped"></skipped>
          </testcase>
          <testcase name="[It] [sig-storage] ConfigMap should be consumable from pods in volume with mappings as non-root with FSGroup [LinuxOnly] [sig-storage]" classname="End-to-End-Creating-Disk-From-Snapshot-On-Target-Datastore" status="skipped" time="0">
              <skipped message="skipped"></skipped>
          </testcase>
          <testcase name="[It] [sig-storage] ConfigMap updates should be reflected in volume [NodeConformance] [Conformance] [sig-storage, NodeConformance, Conformance]" classname="End-to-End-Creating-Disk-From-Snapshot-On-Target-Datastore" status="skipped" time="0">
              <skipped message="skipped"></skipped>
          </testcase>
          <testcase name="[It] [sig-storage] ConfigMap binary data should be reflected in volume [NodeConformance] [Conformance] [sig-storage, NodeConformance, Conformance]" classname="End-to-End-Creating-Disk-From-Snapshot-On-Target-Datastore" status="skipped" time="0">
              <skipped message="skipped"></skipped>
          </testcase>
          <testcase name="[It] [sig-storage] ConfigMap optional updates should be reflected in volume [NodeConformance] [Conformance] [sig-storage, NodeConformance, Conformance]" classname="End-to-End-Creating-Disk-From-Snapshot-On-Target-Datastore" status="skipped" time="0">
              <skipped message="skipped"></skipped>
          </testcase>
          <testcase name="[It] [sig-storage] ConfigMap should be consumable in multiple volumes in the same pod [NodeConformance] [Conformance] [sig-storage, NodeConformance, Conformance]" classname="End-to-End-Creating-Disk-From-Snapshot-On-Target-Datastore" status="skipped" time="0">
              <skipped message="skipped"></skipped>
          </testcase>
          <testcase name="[It] [sig-storage] ConfigMap should be immutable if `immutable` field is set [Conformance] [sig-storage, Conformance]" classname="End-to-End-Creating-Disk-From-Snapshot-On-Target-Datastore" status="skipped" time="0">
              <skipped message="skipped"></skipped>
          </testcase>
          <testcase name="[It] [sig-storage] ConfigMap Should fail non-optional pod creation due to configMap object does not exist [Slow] [sig-storage, Slow]" classname="End-to-End-Creating-Disk-From-Snapshot-On-Target-Datastore" status="skipped" time="0">
              <skipped message="skipped"></skipped>
          </testcase>
          <testcase name="[It] [sig-storage] ConfigMap Should fail non-optional pod creation due to the key in the configMap object does not exist [Slow] [sig-storage, Slow]" classname="End-to-End-Creating-Disk-From-Snapshot-On-Target-Datastore" status="skipped" time="0">
              <skipped message="skipped"></skipped>
          </testcase>
          <testcase name="[It] [restore-on-target-ds-p0] restore-on-target-ds-p0 Online &amp; offline volume expansion of restored volume [p0, vc901]" classname="End-to-End-Creating-Disk-From-Snapshot-On-Target-Datastore" status="skipped" time="0">
              <skipped message="skipped"></skipped>
          </testcase>
          <testcase name="[It] [restore-on-target-ds-p0] restore-on-target-ds-p0 Restore with different size [p0, vc901]" classname="End-to-End-Creating-Disk-From-Snapshot-On-Target-Datastore" status="skipped" time="0">
              <skipped message="skipped"></skipped>
          </testcase>
          <testcase name="[It] [restore-on-target-ds-p0] restore-on-target-ds-p0 Create a snapshot of the restored PVC [p0, vc901]" classname="End-to-End-Creating-Disk-From-Snapshot-On-Target-Datastore" status="skipped" time="0">
              <skipped message="skipped"></skipped>
          </testcase>
          <testcase name="[It] [restore-on-target-ds-p0] restore-on-target-ds-p0 Restore with a different policy on Deployment pods [p0, vc901]" classname="End-to-End-Creating-Disk-From-Snapshot-On-Target-Datastore" status="skipped" time="0">
              <skipped message="skipped"></skipped>
          </testcase>
          <testcase name="[It] [restore-on-target-ds-p0] restore-on-target-ds-p0 Restore with a different policy on statefulset  [p0, vc901]" classname="End-to-End-Creating-Disk-From-Snapshot-On-Target-Datastore" status="skipped" time="0">
              <skipped message="skipped"></skipped>
          </testcase>
          <testcase name="[It] [restore-on-target-ds-p0] restore-on-target-ds-p0 WFFC - Create a PVC from a snapshot on a different datastore [p0, vc901]" classname="End-to-End-Creating-Disk-From-Snapshot-On-Target-Datastore" status="skipped" time="0">
              <skipped message="skipped"></skipped>
          </testcase>
          <testcase name="[It] [sig-node] InitContainer [NodeConformance] should invoke init containers on a RestartNever pod [Conformance] [sig-node, NodeConformance, Conformance]" classname="End-to-End-Creating-Disk-From-Snapshot-On-Target-Datastore" status="skipped" time="0">
              <skipped message="skipped"></skipped>
          </testcase>
          <testcase name="[It] [sig-node] InitContainer [NodeConformance] should invoke init containers on a RestartAlways pod [Conformance] [sig-node, NodeConformance, Conformance]" classname="End-to-End-Creating-Disk-From-Snapshot-On-Target-Datastore" status="skipped" time="0">
              <skipped message="skipped"></skipped>
          </testcase>
          <testcase name="[It] [sig-node] InitContainer [NodeConformance] should not start app containers if init containers fail on a RestartAlways pod [Conformance] [sig-node, NodeConformance, Conformance]" classname="End-to-End-Creating-Disk-From-Snapshot-On-Target-Datastore" status="skipped" time="0">
              <skipped message="skipped"></skipped>
          </testcase>
          <testcase name="[It] [sig-node] InitContainer [NodeConformance] should not start app containers and fail the pod if init containers fail on a RestartNever pod [Conformance] [sig-node, NodeConformance, Conformance]" classname="End-to-End-Creating-Disk-From-Snapshot-On-Target-Datastore" status="skipped" time="0">
              <skipped message="skipped"></skipped>
          </testcase>
          <testcase name="[It] [sig-node] Sysctls [LinuxOnly] [NodeConformance] should support sysctls [MinimumKubeletVersion:1.21] [Environment:NotInUserNS] [Conformance] [sig-node, NodeConformance, Environment:NotInUserNS, Conformance]" classname="End-to-End-Creating-Disk-From-Snapshot-On-Target-Datastore" status="skipped" time="0">
              <skipped message="skipped"></skipped>
          </testcase>
          <testcase name="[It] [sig-node] Sysctls [LinuxOnly] [NodeConformance] should reject invalid sysctls [MinimumKubeletVersion:1.21] [Conformance] [sig-node, NodeConformance, Conformance]" classname="End-to-End-Creating-Disk-From-Snapshot-On-Target-Datastore" status="skipped" time="0">
              <skipped message="skipped"></skipped>
          </testcase>
          <testcase name="[It] [sig-node] Sysctls [LinuxOnly] [NodeConformance] should not launch unsafe, but not explicitly enabled sysctls on the node [MinimumKubeletVersion:1.21] [sig-node, NodeConformance]" classname="End-to-End-Creating-Disk-From-Snapshot-On-Target-Datastore" status="skipped" time="0">
              <skipped message="skipped"></skipped>
          </testcase>
          <testcase name="[It] [sig-node] Sysctls [LinuxOnly] [NodeConformance] should support sysctls with slashes as separator [MinimumKubeletVersion:1.23] [Environment:NotInUserNS] [sig-node, NodeConformance, Environment:NotInUserNS]" classname="End-to-End-Creating-Disk-From-Snapshot-On-Target-Datastore" status="skipped" time="0">
              <skipped message="skipped"></skipped>
          </testcase>
          <testcase name="[It] [sig-node] ImageCredentialProvider [Feature:KubeletCredentialProviders] should be able to create pod with image credentials fetched from external credential provider  [sig-node, Feature:KubeletCredentialProviders]" classname="End-to-End-Creating-Disk-From-Snapshot-On-Target-Datastore" status="skipped" time="0">
              <skipped message="skipped"></skipped>
          </testcase>
          <testcase name="[It] [sig-node] Probing container with readiness probe should not be ready before initial delay and never restart [NodeConformance] [Conformance] [sig-node, NodeConformance, Conformance]" classname="End-to-End-Creating-Disk-From-Snapshot-On-Target-Datastore" status="skipped" time="0">
              <skipped message="skipped"></skipped>
          </testcase>
          <testcase name="[It] [sig-node] Probing container with readiness probe that fails should never be ready and never restart [NodeConformance] [Conformance] [sig-node, NodeConformance, Conformance]" classname="End-to-End-Creating-Disk-From-Snapshot-On-Target-Datastore" status="skipped" time="0">
              <skipped message="skipped"></skipped>
          </testcase>
          <testcase name="[It] [sig-node] Probing container should be restarted with a exec &#34;cat /tmp/health&#34; liveness probe [NodeConformance] [Conformance] [sig-node, NodeConformance, Conformance]" classname="End-to-End-Creating-Disk-From-Snapshot-On-Target-Datastore" status="skipped" time="0">
              <skipped message="skipped"></skipped>
          </testcase>
          <testcase name="[It] [sig-node] Probing container should *not* be restarted with a exec &#34;cat /tmp/health&#34; liveness probe [NodeConformance] [Conformance] [sig-node, NodeConformance, Conformance]" classname="End-to-End-Creating-Disk-From-Snapshot-On-Target-Datastore" status="skipped" time="0">
              <skipped message="skipped"></skipped>
          </testcase>
          <testcase name="[It] [sig-node] Probing container should be restarted with a /healthz http liveness probe [NodeConformance] [Conformance] [sig-node, NodeConformance, Conformance]" classname="End-to-End-Creating-Disk-From-Snapshot-On-Target-Datastore" status="skipped" time="0">
              <skipped message="skipped"></skipped>
          </testcase>
          <testcase name="[It] [sig-node] Probing container should *not* be restarted with a tcp:8080 liveness probe [NodeConformance] [Conformance] [sig-node, NodeConformance, Conformance]" classname="End-to-End-Creating-Disk-From-Snapshot-On-Target-Datastore" status="skipped" time="0">
              <skipped message="skipped"></skipped>
          </testcase>
          <testcase name="[It] [sig-node] Probing container should have monotonically increasing restart count [NodeConformance] [Conformance] [sig-node, NodeConformance, Conformance]" classname="End-to-End-Creating-Disk-From-Snapshot-On-Target-Datastore" status="skipped" time="0">
              <skipped message="skipped"></skipped>
          </testcase>
[...]
aims. has 1 resource instances, zones.topology.tanzu.vmware.com has 1 resource instances} {NamespaceFinalizersRemaining True 2025-09-30 13:43:21 +0530 IST SomeFinalizersRemain Some content in the namespace has finalizers remaining: cns.vmware.com in 1 resource instances, cns.vmware.com/pvc-protection in 1 resource instances, tanzu-topology.vmware.com/zone in 1 resource instances}]} (10m0.070341375s)&#xA;[FAILED] Expected success, but got an error:&#xA;    &lt;*errors.errorString | 0x14000b88d50&gt;: &#xA;    namespace csi-1613 still exists within 10m0s&#xA;    {&#xA;        s: &#34;namespace csi-1613 still exists within 10m0s&#34;,&#xA;    }&#xA;In [AfterEach] at: /Users/nayakb/vsphere-csi-driver/tests/e2e/restore_on_target_ds/restore_on_target_ds_vms_tests.go:153 @ 09/30/25 13:53:11.054&#xA;&lt; Exit [AfterEach] [restore-on-target-ds-vms-p0] restore-on-target-ds-vms-p0 - /Users/nayakb/vsphere-csi-driver/tests/e2e/restore_on_target_ds/restore_on_target_ds_vms_tests.go:139 @ 09/30/25 13:53:11.055 (10m3.729s)&#xA;&gt; Enter [DeferCleanup (Each)] [restore-on-target-ds-vms-p0] restore-on-target-ds-vms-p0 - dump namespaces | framework.go:218 @ 09/30/25 13:53:11.055&#xA;STEP: dump namespace information after failure - /Users/nayakb/vsphere-csi-driver/vendor/k8s.io/kubernetes/test/e2e/framework/framework.go:297 @ 09/30/25 13:53:11.055&#xA;END STEP: dump namespace information after failure - /Users/nayakb/vsphere-csi-driver/vendor/k8s.io/kubernetes/test/e2e/framework/framework.go:297 @ 09/30/25 13:53:11.055 (0s)&#xA;&lt; Exit [DeferCleanup (Each)] [restore-on-target-ds-vms-p0] restore-on-target-ds-vms-p0 - dump namespaces | framework.go:218 @ 09/30/25 13:53:11.055 (0s)&#xA;&gt; Enter [DeferCleanup (Each)] [restore-on-target-ds-vms-p0] restore-on-target-ds-vms-p0 - tear down framework | framework.go:215 @ 09/30/25 13:53:11.055&#xA;&lt; Exit [DeferCleanup (Each)] [restore-on-target-ds-vms-p0] restore-on-target-ds-vms-p0 - tear down framework | framework.go:215 @ 09/30/25 13:53:11.055 (0s)&#xA;</system-err>
          </testcase>
          <testcase name="[It] [restore-on-target-ds-vms-p0] restore-on-target-ds-vms-p0 Attach VM to restored PVC with detaching original PVC [p0, vc901]" classname="End-to-End-Creating-Disk-From-Snapshot-On-Target-Datastore" status="skipped" time="0">
              <skipped message="skipped"></skipped>
          </testcase>
          <testcase name="[It] [restore-on-target-ds-vms-p0] restore-on-target-ds-vms-p0 Create a PVC from a snapshot on a different datastore, verify the data integrity [p0, vc901]" classname="End-to-End-Creating-Disk-From-Snapshot-On-Target-Datastore" status="skipped" time="0">
              <skipped message="skipped"></skipped>
          </testcase>
          <testcase name="[It] [sig-storage] Projected configMap should be consumable from pods in volume [NodeConformance] [Conformance] [sig-storage, NodeConformance, Conformance]" classname="End-to-End-Creating-Disk-From-Snapshot-On-Target-Datastore" status="skipped" time="0">
              <skipped message="skipped"></skipped>
          </testcase>
          <testcase name="[It] [sig-storage] Projected configMap should be consumable from pods in volume with defaultMode set [LinuxOnly] [NodeConformance] [Conformance] [sig-storage, NodeConformance, Conformance]" classname="End-to-End-Creating-Disk-From-Snapshot-On-Target-Datastore" status="skipped" time="0">
              <skipped message="skipped"></skipped>
          </testcase>
          <testcase name="[It] [sig-storage] Projected configMap should be consumable from pods in volume as non-root with defaultMode and fsGroup set [LinuxOnly] [sig-storage]" classname="End-to-End-Creating-Disk-From-Snapshot-On-Target-Datastore" status="skipped" time="0">
              <skipped message="skipped"></skipped>
          </testcase>
          <testcase name="[It] [sig-storage] Projected configMap should be consumable from pods in volume as non-root [NodeConformance] [Conformance] [sig-storage, NodeConformance, Conformance]" classname="End-to-End-Creating-Disk-From-Snapshot-On-Target-Datastore" status="skipped" time="0">
              <skipped message="skipped"></skipped>
          </testcase>
          <testcase name="[It] [sig-storage] Projected configMap should be consumable from pods in volume as non-root with FSGroup [LinuxOnly] [sig-storage]" classname="End-to-End-Creating-Disk-From-Snapshot-On-Target-Datastore" status="skipped" time="0">
              <skipped message="skipped"></skipped>
          </testcase>
          <testcase name="[It] [sig-storage] Projected configMap should be consumable from pods in volume with mappings [NodeConformance] [Conformance] [sig-storage, NodeConformance, Conformance]" classname="End-to-End-Creating-Disk-From-Snapshot-On-Target-Datastore" status="skipped" time="0">
              <skipped message="skipped"></skipped>
          </testcase>
          <testcase name="[It] [sig-storage] Projected configMap should be consumable from pods in volume with mappings and Item mode set [LinuxOnly] [NodeConformance] [Conformance] [sig-storage, NodeConformance, Conformance]" classname="End-to-End-Creating-Disk-From-Snapshot-On-Target-Datastore" status="skipped" time="0">
              <skipped message="skipped"></skipped>
          </testcase>
          <testcase name="[It] [sig-storage] Projected configMap should be consumable from pods in volume with mappings as non-root [NodeConformance] [Conformance] [sig-storage, NodeConformance, Conformance]" classname="End-to-End-Creating-Disk-From-Snapshot-On-Target-Datastore" status="skipped" time="0">
              <skipped message="skipped"></skipped>
          </testcase>
          <testcase name="[It] [sig-storage] Projected configMap should be consumable from pods in volume with mappings as non-root with FSGroup [LinuxOnly] [sig-storage]" classname="End-to-End-Creating-Disk-From-Snapshot-On-Target-Datastore" status="skipped" time="0">
              <skipped message="skipped"></skipped>
          </testcase>
          <testcase name="[It] [sig-storage] Projected configMap updates should be reflected in volume [NodeConformance] [Conformance] [sig-storage, NodeConformance, Conformance]" classname="End-to-End-Creating-Disk-From-Snapshot-On-Target-Datastore" status="skipped" time="0">
              <skipped message="skipped"></skipped>
          </testcase>
          <testcase name="[It] [sig-storage] Projected configMap optional updates should be reflected in volume [NodeConformance] [Conformance] [sig-storage, NodeConformance, Conformance]" classname="End-to-End-Creating-Disk-From-Snapshot-On-Target-Datastore" status="skipped" time="0">
              <skipped message="skipped"></skipped>
          </testcase>
          <testcase name="[It] [sig-storage] Projected configMap should be consumable in multiple volumes in the same pod [NodeConformance] [Conformance] [sig-storage, NodeConformance, Conformance]" classname="End-to-End-Creating-Disk-From-Snapshot-On-Target-Datastore" status="skipped" time="0">
              <skipped message="skipped"></skipped>
          </testcase>
          <testcase name="[It] [sig-storage] Projected configMap Should fail non-optional pod creation due to configMap object does not exist [Slow] [sig-storage, Slow]" classname="End-to-End-Creating-Disk-From-Snapshot-On-Target-Datastore" status="skipped" time="0">
              <skipped message="skipped"></skipped>
          </testcase>
          <testcase name="[It] [sig-storage] Projected configMap Should fail non-optional pod creation due to the key in the configMap object does not exist [Slow] [sig-storage, Slow]" classname="End-to-End-Creating-Disk-From-Snapshot-On-Target-Datastore" status="skipped" time="0">
              <skipped message="skipped"></skipped>
          </testcase>
          <testcase name="[It] [sig-node] Lifecycle sleep action zero value when create a pod with lifecycle hook using sleep action with a duration of zero seconds prestop hook using sleep action with zero duration [sig-node]" classname="End-to-End-Creating-Disk-From-Snapshot-On-Target-Datastore" status="skipped" time="0">
              <skipped message="skipped"></skipped>
          </testcase>
          <testcase name="[It] [sig-node] PodTemplates should run the lifecycle of PodTemplates [Conformance] [sig-node, Conformance]" classname="End-to-End-Creating-Disk-From-Snapshot-On-Target-Datastore" status="skipped" time="0">
              <skipped message="skipped"></skipped>
          </testcase>
          <testcase name="[It] [sig-node] PodTemplates should delete a collection of pod templates [Conformance] [sig-node, Conformance]" classname="End-to-End-Creating-Disk-From-Snapshot-On-Target-Datastore" status="skipped" time="0">
              <skipped message="skipped"></skipped>
          </testcase>
          <testcase name="[It] [sig-node] PodTemplates should replace a pod template [Conformance] [sig-node, Conformance]" classname="End-to-End-Creating-Disk-From-Snapshot-On-Target-Datastore" status="skipped" time="0">
              <skipped message="skipped"></skipped>
          </testcase>
          <testcase name="[It] [sig-network] Networking Granular Checks: Pods should function for intra-pod communication: http [NodeConformance] [Conformance] [sig-network, NodeConformance, Conformance]" classname="End-to-End-Creating-Disk-From-Snapshot-On-Target-Datastore" status="skipped" time="0">
              <skipped message="skipped"></skipped>
          </testcase>
          <testcase name="[It] [sig-network] Networking Granular Checks: Pods should function for intra-pod communication: udp [NodeConformance] [Conformance] [sig-network, NodeConformance, Conformance]" classname="End-to-End-Creating-Disk-From-Snapshot-On-Target-Datastore" status="skipped" time="0">
              <skipped message="skipped"></skipped>
          </testcase>
          <testcase name="[It] [sig-network] Networking Granular Checks: Pods should function for node-pod communication: http [LinuxOnly] [NodeConformance] [Conformance] [sig-network, NodeConformance, Conformance]" classname="End-to-End-Creating-Disk-From-Snapshot-On-Target-Datastore" status="skipped" time="0">
              <skipped message="skipped"></skipped>
          </testcase>
          <testcase name="[It] [sig-network] Networking Granular Checks: Pods should function for node-pod communication: udp [LinuxOnly] [NodeConformance] [Conformance] [sig-network, NodeConformance, Conformance]" classname="End-to-End-Creating-Disk-From-Snapshot-On-Target-Datastore" status="skipped" time="0">
              <skipped message="skipped"></skipped>
          </testcase>
          <testcase name="[It] [sig-network] Networking Granular Checks: Pods should function for intra-pod communication: sctp [LinuxOnly] [Feature:SCTPConnectivity] [sig-network, Feature:SCTPConnectivity]" classname="End-to-End-Creating-Disk-From-Snapshot-On-Target-Datastore" status="skipped" time="0">
              <skipped message="skipped"></skipped>
          </testcase>
          <testcase name="[It] [sig-network] Networking Granular Checks: Pods should function for node-pod communication: sctp [LinuxOnly] [Feature:SCTPConnectivity] [sig-network, Feature:SCTPConnectivity]" classname="End-to-End-Creating-Disk-From-Snapshot-On-Target-Datastore" status="skipped" time="0">
              <skipped message="skipped"></skipped>
          </testcase>
          <testcase name="[It] [sig-node] Container Runtime blackbox test when starting a container that exits should run with the expected status [NodeConformance] [Conformance] [sig-node, NodeConformance, Conformance]" classname="End-to-End-Creating-Disk-From-Snapshot-On-Target-Datastore" status="skipped" time="0">
              <skipped message="skipped"></skipped>
          </testcase>
          <testcase name="[It] [sig-node] Container Runtime blackbox test on terminated container should report termination message if TerminationMessagePath is set [NodeConformance] [sig-node, NodeConformance]" classname="End-to-End-Creating-Disk-From-Snapshot-On-Target-Datastore" status="skipped" time="0">
              <skipped message="skipped"></skipped>
          </testcase>
          <testcase name="[It] [sig-node] Container Runtime blackbox test on terminated container should report termination message if TerminationMessagePath is set as non-root user and at a non-default path [NodeConformance] [Conformance] [sig-node, NodeConformance, Conformance]" classname="End-to-End-Creating-Disk-From-Snapshot-On-Target-Datastore" status="skipped" time="0">
              <skipped message="skipped"></skipped>
          </testcase>
          <testcase name="[It] [sig-node] Container Runtime blackbox test on terminated container should report termination message from log output if TerminationMessagePolicy FallbackToLogsOnError is set [NodeConformance] [Conformance] [sig-node, NodeConformance, Conformance]" classname="End-to-End-Creating-Disk-From-Snapshot-On-Target-Datastore" status="skipped" time="0">
              <skipped message="skipped"></skipped>
          </testcase>
          <testcase name="[It] [sig-node] Container Runtime blackbox test on terminated container should report termination message as empty when pod succeeds and TerminationMessagePolicy FallbackToLogsOnError is set [NodeConformance] [Conformance] [sig-node, NodeConformance, Conformance]" classname="End-to-End-Creating-Disk-From-Snapshot-On-Target-Datastore" status="skipped" time="0">
              <skipped message="skipped"></skipped>
          </testcase>
          <testcase name="[It] [sig-node] Container Runtime blackbox test on terminated container should report termination message from file when pod succeeds and TerminationMessagePolicy FallbackToLogsOnError is set [NodeConformance] [Conformance] [sig-node, NodeConformance, Conformance]" classname="End-to-End-Creating-Disk-From-Snapshot-On-Target-Datastore" status="skipped" time="0">
              <skipped message="skipped"></skipped>
          </testcase>
          <testcase name="[It] [sig-node] Container Runtime blackbox test when running a container with a new image should not be able to pull image from invalid registry [NodeConformance] [sig-node, NodeConformance]" classname="End-to-End-Creating-Disk-From-Snapshot-On-Target-Datastore" status="skipped" time="0">
              <skipped message="skipped"></skipped>
          </testcase>
          <testcase name="[It] [sig-node] Container Runtime blackbox test when running a container with a new image should be able to pull image [NodeConformance] [sig-node, NodeConformance]" classname="End-to-End-Creating-Disk-From-Snapshot-On-Target-Datastore" status="skipped" time="0">
              <skipped message="skipped"></skipped>
          </testcase>
          <testcase name="[It] [sig-node] Container Runtime blackbox test when running a container with a new image should not be able to pull from private registry without secret [NodeConformance] [sig-node, NodeConformance]" classname="End-to-End-Creating-Disk-From-Snapshot-On-Target-Datastore" status="skipped" time="0">
              <skipped message="skipped"></skipped>
          </testcase>
          <testcase name="[It] [sig-node] Secrets should be consumable from pods in env vars [NodeConformance] [Conformance] [sig-node, NodeConformance, Conformance]" classname="End-to-End-Creating-Disk-From-Snapshot-On-Target-Datastore" status="skipped" time="0">
              <skipped message="skipped"></skipped>
          </testcase>
          <testcase name="[It] [sig-node] Secrets should be consumable via the environment [NodeConformance] [Conformance] [sig-node, NodeConformance, Conformance]" classname="End-to-End-Creating-Disk-From-Snapshot-On-Target-Datastore" status="skipped" time="0">
              <skipped message="skipped"></skipped>
          </testcase>
          <testcase name="[It] [sig-node] Secrets should fail to create secret due to empty secret key [Conformance] [sig-node, Conformance]" classname="End-to-End-Creating-Disk-From-Snapshot-On-Target-Datastore" status="skipped" time="0">
              <skipped message="skipped"></skipped>
          </testcase>
          <testcase name="[It] [sig-node] Secrets should patch a secret [Conformance] [sig-node, Conformance]" classname="End-to-End-Creating-Disk-From-Snapshot-On-Target-Datastore" status="skipped" time="0">
              <skipped message="skipped"></skipped>
          </testcase>
          <testcase name="[It] [sig-node] Secrets should be consumable as environment variable names variable names with various prefixes [Conformance] [sig-node, Conformance]" classname="End-to-End-Creating-Disk-From-Snapshot-On-Target-Datastore" status="skipped" time="0">
              <skipped message="skipped"></skipped>
          </testcase>
          <testcase name="[It] [sig-node] Override hostname of Pod [FeatureGate:HostnameOverride] [Alpha] [Feature:OffByDefault] a pod has hostnameOverride field with value that is a valid DNS subdomain. [sig-node, FeatureGate:HostnameOverride, Alpha, Feature:OffByDefault]" classname="End-to-End-Creating-Disk-From-Snapshot-On-Target-Datastore" status="skipped" time="0">
              <skipped message="skipped"></skipped>
          </testcase>
          <testcase name="[It] [sig-node] Override hostname of Pod [FeatureGate:HostnameOverride] [Alpha] [Feature:OffByDefault] a pod with hostname and hostnameOverride fields will have hostnameOverride as hostname [sig-node, FeatureGate:HostnameOverride, Alpha, Feature:OffByDefault]" classname="End-to-End-Creating-Disk-From-Snapshot-On-Target-Datastore" status="skipped" time="0">
              <skipped message="skipped"></skipped>
          </testcase>
          <testcase name="[It] [sig-node] Override hostname of Pod [FeatureGate:HostnameOverride] [Alpha] [Feature:OffByDefault] a pod with only hostnameOverride field will have hostnameOverride as hostname [sig-node, FeatureGate:HostnameOverride, Alpha, Feature:OffByDefault]" classname="End-to-End-Creating-Disk-From-Snapshot-On-Target-Datastore" status="skipped" time="0">
              <skipped message="skipped"></skipped>
          </testcase>
          <testcase name="[It] [sig-node] Override hostname of Pod [FeatureGate:HostnameOverride] [Alpha] [Feature:OffByDefault] a pod with subdomain and hostnameOverride fields will have hostnameOverride as hostname [sig-node, FeatureGate:HostnameOverride, Alpha, Feature:OffByDefault]" classname="End-to-End-Creating-Disk-From-Snapshot-On-Target-Datastore" status="skipped" time="0">
              <skipped message="skipped"></skipped>
          </testcase>
          <testcase name="[It] [sig-node] Override hostname of Pod [FeatureGate:HostnameOverride] [Alpha] [Feature:OffByDefault] a pod with setHostnameAsFQDN and hostnameOverride fields will fail to be created [sig-node, FeatureGate:HostnameOverride, Alpha, Feature:OffByDefault]" classname="End-to-End-Creating-Disk-From-Snapshot-On-Target-Datastore" status="skipped" time="0">
              <skipped message="skipped"></skipped>
          </testcase>
          <testcase name="[It] [sig-node] Override hostname of Pod [FeatureGate:HostnameOverride] [Alpha] [Feature:OffByDefault] a pod with hostNetwork and hostnameOverride fields will fail to be created [sig-node, FeatureGate:HostnameOverride, Alpha, Feature:OffByDefault]" classname="End-to-End-Creating-Disk-From-Snapshot-On-Target-Datastore" status="skipped" time="0">
              <skipped message="skipped"></skipped>
          </testcase>
          <testcase name="[It] [sig-node] Override hostname of Pod [FeatureGate:HostnameOverride] [Alpha] [Feature:OffByDefault] a pod with non-RFC1123 subdomain string for hostnameOverride field will fail to be created [sig-node, FeatureGate:HostnameOverride, Alpha, Feature:OffByDefault]" classname="End-to-End-Creating-Disk-From-Snapshot-On-Target-Datastore" status="skipped" time="0">
              <skipped message="skipped"></skipped>
          </testcase>
      </testsuite>
  </testsuites>