<?xml version="1.0" encoding="UTF-8"?>
  <testsuites tests="358" disabled="357" errors="0" failures="1" time="88.7471365">
      <testsuite name="CNS-CSI-Driver-End-to-End-Transaction-Support-Tests" package="/Users/nhemanth/WS/CSI_WS/vsphere-csi-driver/tests/e2e/provisioning/transactionsupport" tests="358" disabled="0" skipped="357" errors="0" failures="1" time="88.7471365" timestamp="2025-09-22T20:06:07">
          <properties>
              <property name="SuiteSucceeded" value="false"></property>
              <property name="SuiteHasProgrammaticFocus" value="false"></property>
              <property name="SpecialSuiteFailureReason" value=""></property>
              <property name="SuiteLabels" value="[]"></property>
              <property name="RandomSeed" value="1758551767"></property>
              <property name="RandomizeAllSpecs" value="false"></property>
              <property name="LabelFilter" value=""></property>
              <property name="FocusStrings" value="Transaction_Support_Create_Volume,Transaction_Support_Create_Volume"></property>
              <property name="SkipStrings" value="ttt,--ginkgo.progress,ttt,--ginkgo.progress"></property>
              <property name="FocusFiles" value=""></property>
              <property name="SkipFiles" value=""></property>
              <property name="FailOnPending" value="false"></property>
              <property name="FailOnEmpty" value="false"></property>
              <property name="FailFast" value="false"></property>
              <property name="FlakeAttempts" value="0"></property>
              <property name="DryRun" value="false"></property>
              <property name="ParallelTotal" value="1"></property>
              <property name="OutputInterceptorMode" value=""></property>
          </properties>
          <testcase name="[It] [sig-node] Kubelet when scheduling a busybox command in a pod should print the output to logs [NodeConformance] [Conformance] [sig-node, NodeConformance, Conformance]" classname="CNS-CSI-Driver-End-to-End-Transaction-Support-Tests" status="skipped" time="0">
              <skipped message="skipped"></skipped>
          </testcase>
          <testcase name="[It] [sig-node] Kubelet when scheduling a busybox command that always fails in a pod should have an terminated reason [NodeConformance] [Conformance] [sig-node, NodeConformance, Conformance]" classname="CNS-CSI-Driver-End-to-End-Transaction-Support-Tests" status="skipped" time="0">
              <skipped message="skipped"></skipped>
          </testcase>
          <testcase name="[It] [sig-node] Kubelet when scheduling a busybox command that always fails in a pod should be possible to delete [NodeConformance] [Conformance] [sig-node, NodeConformance, Conformance]" classname="CNS-CSI-Driver-End-to-End-Transaction-Support-Tests" status="skipped" time="0">
              <skipped message="skipped"></skipped>
          </testcase>
          <testcase name="[It] [sig-node] Kubelet when scheduling an agnhost Pod with hostAliases should write entries to /etc/hosts [NodeConformance] [Conformance] [sig-node, NodeConformance, Conformance]" classname="CNS-CSI-Driver-End-to-End-Transaction-Support-Tests" status="skipped" time="0">
              <skipped message="skipped"></skipped>
          </testcase>
          <testcase name="[It] [sig-node] Kubelet when scheduling a read only busybox container should not write to root filesystem [LinuxOnly] [NodeConformance] [Conformance] [sig-node, NodeConformance, Conformance]" classname="CNS-CSI-Driver-End-to-End-Transaction-Support-Tests" status="skipped" time="0">
              <skipped message="skipped"></skipped>
          </testcase>
          <testcase name="[It] [sig-storage] Projected configMap should be consumable from pods in volume [NodeConformance] [Conformance] [sig-storage, NodeConformance, Conformance]" classname="CNS-CSI-Driver-End-to-End-Transaction-Support-Tests" status="skipped" time="0">
              <skipped message="skipped"></skipped>
          </testcase>
          <testcase name="[It] [sig-storage] Projected configMap should be consumable from pods in volume with defaultMode set [LinuxOnly] [NodeConformance] [Conformance] [sig-storage, NodeConformance, Conformance]" classname="CNS-CSI-Driver-End-to-End-Transaction-Support-Tests" status="skipped" time="0">
              <skipped message="skipped"></skipped>
          </testcase>
          <testcase name="[It] [sig-storage] Projected configMap should be consumable from pods in volume as non-root with defaultMode and fsGroup set [LinuxOnly] [sig-storage]" classname="CNS-CSI-Driver-End-to-End-Transaction-Support-Tests" status="skipped" time="0">
              <skipped message="skipped"></skipped>
          </testcase>
          <testcase name="[It] [sig-storage] Projected configMap should be consumable from pods in volume as non-root [NodeConformance] [Conformance] [sig-storage, NodeConformance, Conformance]" classname="CNS-CSI-Driver-End-to-End-Transaction-Support-Tests" status="skipped" time="0">
              <skipped message="skipped"></skipped>
          </testcase>
          <testcase name="[It] [sig-storage] Projected configMap should be consumable from pods in volume as non-root with FSGroup [LinuxOnly] [sig-storage]" classname="CNS-CSI-Driver-End-to-End-Transaction-Support-Tests" status="skipped" time="0">
              <skipped message="skipped"></skipped>
          </testcase>
          <testcase name="[It] [sig-storage] Projected configMap should be consumable from pods in volume with mappings [NodeConformance] [Conformance] [sig-storage, NodeConformance, Conformance]" classname="CNS-CSI-Driver-End-to-End-Transaction-Support-Tests" status="skipped" time="0">
              <skipped message="skipped"></skipped>
          </testcase>
          <testcase name="[It] [sig-storage] Projected configMap should be consumable from pods in volume with mappings and Item mode set [LinuxOnly] [NodeConformance] [Conformance] [sig-storage, NodeConformance, Conformance]" classname="CNS-CSI-Driver-End-to-End-Transaction-Support-Tests" status="skipped" time="0">
              <skipped message="skipped"></skipped>
          </testcase>
          <testcase name="[It] [sig-storage] Projected configMap should be consumable from pods in volume with mappings as non-root [NodeConformance] [Conformance] [sig-storage, NodeConformance, Conformance]" classname="CNS-CSI-Driver-End-to-End-Transaction-Support-Tests" status="skipped" time="0">
              <skipped message="skipped"></skipped>
          </testcase>
          <testcase name="[It] [sig-storage] Projected configMap should be consumable from pods in volume with mappings as non-root with FSGroup [LinuxOnly] [sig-storage]" classname="CNS-CSI-Driver-End-to-End-Transaction-Support-Tests" status="skipped" time="0">
              <skipped message="skipped"></skipped>
          </testcase>
          <testcase name="[It] [sig-storage] Projected configMap updates should be reflected in volume [NodeConformance] [Conformance] [sig-storage, NodeConformance, Conformance]" classname="CNS-CSI-Driver-End-to-End-Transaction-Support-Tests" status="skipped" time="0">
              <skipped message="skipped"></skipped>
          </testcase>
          <testcase name="[It] [sig-storage] Projected configMap optional updates should be reflected in volume [NodeConformance] [Conformance] [sig-storage, NodeConformance, Conformance]" classname="CNS-CSI-Driver-End-to-End-Transaction-Support-Tests" status="skipped" time="0">
              <skipped message="skipped"></skipped>
          </testcase>
          <testcase name="[It] [sig-storage] Projected configMap should be consumable in multiple volumes in the same pod [NodeConformance] [Conformance] [sig-storage, NodeConformance, Conformance]" classname="CNS-CSI-Driver-End-to-End-Transaction-Support-Tests" status="skipped" time="0">
              <skipped message="skipped"></skipped>
          </testcase>
          <testcase name="[It] [sig-storage] Projected configMap Should fail non-optional pod creation due to configMap object does not exist [Slow] [sig-storage, Slow]" classname="CNS-CSI-Driver-End-to-End-Transaction-Support-Tests" status="skipped" time="0">
              <skipped message="skipped"></skipped>
          </testcase>
          <testcase name="[It] [sig-storage] Projected configMap Should fail non-optional pod creation due to the key in the configMap object does not exist [Slow] [sig-storage, Slow]" classname="CNS-CSI-Driver-End-to-End-Transaction-Support-Tests" status="skipped" time="0">
              <skipped message="skipped"></skipped>
          </testcase>
          <testcase name="[It] [sig-node] [Feature:SidecarContainers] Probing restartable init container with readiness probe should not be ready before initial delay and never restart [sig-node, Feature:SidecarContainers]" classname="CNS-CSI-Driver-End-to-End-Transaction-Support-Tests" status="skipped" time="0">
              <skipped message="skipped"></skipped>
          </testcase>
          <testcase name="[It] [sig-node] [Feature:SidecarContainers] Probing restartable init container with readiness probe that fails should never be ready and never restart [sig-node, Feature:SidecarContainers]" classname="CNS-CSI-Driver-End-to-End-Transaction-Support-Tests" status="skipped" time="0">
              <skipped message="skipped"></skipped>
          </testcase>
          <testcase name="[It] [sig-node] [Feature:SidecarContainers] Probing restartable init container should be restarted with a exec &#34;cat /tmp/health&#34; liveness probe [sig-node, Feature:SidecarContainers]" classname="CNS-CSI-Driver-End-to-End-Transaction-Support-Tests" status="skipped" time="0">
              <skipped message="skipped"></skipped>
          </testcase>
          <testcase name="[It] [sig-node] [Feature:SidecarContainers] Probing restartable init container should *not* be restarted with a exec &#34;cat /tmp/health&#34; liveness probe [sig-node, Feature:SidecarContainers]" classname="CNS-CSI-Driver-End-to-End-Transaction-Support-Tests" status="skipped" time="0">
              <skipped message="skipped"></skipped>
          </testcase>
          <testcase name="[It] [sig-node] [Feature:SidecarContainers] Probing restartable init container should be restarted with a /healthz http liveness probe [sig-node, Feature:SidecarContainers]" classname="CNS-CSI-Driver-End-to-End-Transaction-Support-Tests" status="skipped" time="0">
              <skipped message="skipped"></skipped>
          </testcase>
          <testcase name="[It] [sig-node] [Feature:SidecarContainers] Probing restartable init container should *not* be restarted with a tcp:8080 liveness probe [sig-node, Feature:SidecarContainers]" classname="CNS-CSI-Driver-End-to-End-Transaction-Support-Tests" status="skipped" time="0">
              <skipped message="skipped"></skipped>
          </testcase>
          <testcase name="[It] [sig-node] [Feature:SidecarContainers] Probing restartable init container should have monotonically increasing restart count [sig-node, Feature:SidecarContainers]" classname="CNS-CSI-Driver-End-to-End-Transaction-Support-Tests" status="skipped" time="0">
              <skipped message="skipped"></skipped>
          </testcase>
          <testcase name="[It] [sig-node] [Feature:SidecarContainers] Probing restartable init container should *not* be restarted with a /healthz http liveness probe [sig-node, Feature:SidecarContainers]" classname="CNS-CSI-Driver-End-to-End-Transaction-Support-Tests" status="skipped" time="0">
              <skipped message="skipped"></skipped>
          </testcase>
          <testcase name="[It] [sig-node] [Feature:SidecarContainers] Probing restartable init container should be restarted with an exec liveness probe with timeout [MinimumKubeletVersion:1.20] [sig-node, Feature:SidecarContainers]" classname="CNS-CSI-Driver-End-to-End-Transaction-Support-Tests" status="skipped" time="0">
              <skipped message="skipped"></skipped>
          </testcase>
          <testcase name="[It] [sig-node] [Feature:SidecarContainers] Probing restartable init container should not be ready with an exec readiness probe timeout [MinimumKubeletVersion:1.20] [sig-node, Feature:SidecarContainers]" classname="CNS-CSI-Driver-End-to-End-Transaction-Support-Tests" status="skipped" time="0">
              <skipped message="skipped"></skipped>
          </testcase>
          <testcase name="[It] [sig-node] [Feature:SidecarContainers] Probing restartable init container should be restarted with a failing exec liveness probe that took longer than the timeout [sig-node, Feature:SidecarContainers]" classname="CNS-CSI-Driver-End-to-End-Transaction-Support-Tests" status="skipped" time="0">
              <skipped message="skipped"></skipped>
          </testcase>
          <testcase name="[It] [sig-node] [Feature:SidecarContainers] Probing restartable init container should be restarted with a local redirect http liveness probe [sig-node, Feature:SidecarContainers]" classname="CNS-CSI-Driver-End-to-End-Transaction-Support-Tests" status="skipped" time="0">
              <skipped message="skipped"></skipped>
          </testcase>
          <testcase name="[It] [sig-node] [Feature:SidecarContainers] Probing restartable init container should *not* be restarted with a non-local redirect http liveness probe [sig-node, Feature:SidecarContainers]" classname="CNS-CSI-Driver-End-to-End-Transaction-Support-Tests" status="skipped" time="0">
              <skipped message="skipped"></skipped>
          </testcase>
          <testcase name="[It] [sig-node] [Feature:SidecarContainers] Probing restartable init container should be restarted startup probe fails [sig-node, Feature:SidecarContainers]" classname="CNS-CSI-Driver-End-to-End-Transaction-Support-Tests" status="skipped" time="0">
              <skipped message="skipped"></skipped>
          </testcase>
          <testcase name="[It] [sig-node] [Feature:SidecarContainers] Probing restartable init container should *not* be restarted by liveness probe because startup probe delays it [sig-node, Feature:SidecarContainers]" classname="CNS-CSI-Driver-End-to-End-Transaction-Support-Tests" status="skipped" time="0">
              <skipped message="skipped"></skipped>
          </testcase>
          <testcase name="[It] [sig-node] [Feature:SidecarContainers] Probing restartable init container should be restarted by liveness probe after startup probe enables it [sig-node, Feature:SidecarContainers]" classname="CNS-CSI-Driver-End-to-End-Transaction-Support-Tests" status="skipped" time="0">
              <skipped message="skipped"></skipped>
          </testcase>
          <testcase name="[It] [sig-node] [Feature:SidecarContainers] Probing restartable init container should be ready immediately after startupProbe succeeds [sig-node, Feature:SidecarContainers]" classname="CNS-CSI-Driver-End-to-End-Transaction-Support-Tests" status="skipped" time="0">
              <skipped message="skipped"></skipped>
          </testcase>
          <testcase name="[It] [sig-node] [Feature:SidecarContainers] Probing restartable init container should override timeoutGracePeriodSeconds when LivenessProbe field is set [sig-node, Feature:SidecarContainers]" classname="CNS-CSI-Driver-End-to-End-Transaction-Support-Tests" status="skipped" time="0">
              <skipped message="skipped"></skipped>
          </testcase>
          <testcase name="[It] [sig-node] [Feature:SidecarContainers] Probing restartable init container should override timeoutGracePeriodSeconds when StartupProbe field is set [sig-node, Feature:SidecarContainers]" classname="CNS-CSI-Driver-End-to-End-Transaction-Support-Tests" status="skipped" time="0">
              <skipped message="skipped"></skipped>
          </testcase>
          <testcase name="[It] [sig-node] [Feature:SidecarContainers] Probing restartable init container should *not* be restarted with a GRPC liveness probe [sig-node, Feature:SidecarContainers]" classname="CNS-CSI-Driver-End-to-End-Transaction-Support-Tests" status="skipped" time="0">
              <skipped message="skipped"></skipped>
          </testcase>
          <testcase name="[It] [sig-node] [Feature:SidecarContainers] Probing restartable init container should be restarted with a GRPC liveness probe [sig-node, Feature:SidecarContainers]" classname="CNS-CSI-Driver-End-to-End-Transaction-Support-Tests" status="skipped" time="0">
              <skipped message="skipped"></skipped>
          </testcase>
          <testcase name="[It] [sig-node] [Feature:SidecarContainers] Probing restartable init container should mark readiness on pods to false while pod is in progress of terminating when a pod has a readiness probe [sig-node, Feature:SidecarContainers]" classname="CNS-CSI-Driver-End-to-End-Transaction-Support-Tests" status="skipped" time="0">
              <skipped message="skipped"></skipped>
          </testcase>
          <testcase name="[It] [sig-node] [Feature:SidecarContainers] Probing restartable init container should mark readiness on pods to false and disable liveness probes while pod is in progress of terminating [sig-node, Feature:SidecarContainers]" classname="CNS-CSI-Driver-End-to-End-Transaction-Support-Tests" status="skipped" time="0">
              <skipped message="skipped"></skipped>
          </testcase>
          <testcase name="[It] [sig-node] Probing container with readiness probe should not be ready before initial delay and never restart [NodeConformance] [Conformance] [sig-node, NodeConformance, Conformance]" classname="CNS-CSI-Driver-End-to-End-Transaction-Support-Tests" status="skipped" time="0">
              <skipped message="skipped"></skipped>
          </testcase>
          <testcase name="[It] [sig-node] Probing container with readiness probe that fails should never be ready and never restart [NodeConformance] [Conformance] [sig-node, NodeConformance, Conformance]" classname="CNS-CSI-Driver-End-to-End-Transaction-Support-Tests" status="skipped" time="0">
              <skipped message="skipped"></skipped>
          </testcase>
          <testcase name="[It] [sig-node] Probing container should be restarted with a exec &#34;cat /tmp/health&#34; liveness probe [NodeConformance] [Conformance] [sig-node, NodeConformance, Conformance]" classname="CNS-CSI-Driver-End-to-End-Transaction-Support-Tests" status="skipped" time="0">
              <skipped message="skipped"></skipped>
          </testcase>
          <testcase name="[It] [sig-node] Probing container should *not* be restarted with a exec &#34;cat /tmp/health&#34; liveness probe [NodeConformance] [Conformance] [sig-node, NodeConformance, Conformance]" classname="CNS-CSI-Driver-End-to-End-Transaction-Support-Tests" status="skipped" time="0">
              <skipped message="skipped"></skipped>
          </testcase>
          <testcase name="[It] [sig-node] Probing container should be restarted with a /healthz http liveness probe [NodeConformance] [Conformance] [sig-node, NodeConformance, Conformance]" classname="CNS-CSI-Driver-End-to-End-Transaction-Support-Tests" status="skipped" time="0">
              <skipped message="skipped"></skipped>
          </testcase>
          <testcase name="[It] [sig-node] Probing container should *not* be restarted with a tcp:8080 liveness probe [NodeConformance] [Conformance] [sig-node, NodeConformance, Conformance]" classname="CNS-CSI-Driver-End-to-End-Transaction-Support-Tests" status="skipped" time="0">
              <skipped message="skipped"></skipped>
          </testcase>
          <testcase name="[It] [sig-node] Probing container should have monotonically increasing restart count [NodeConformance] [Conformance] [sig-node, NodeConformance, Conformance]" classname="CNS-CSI-Driver-End-to-End-Transaction-Support-Tests" status="skipped" time="0">
              <skipped message="skipped"></skipped>
          </testcase>
          <testcase name="[It] [sig-node] Probing container should *not* be restarted with a /healthz http liveness probe [NodeConformance] [Conformance] [sig-node, NodeConformance, Conformance]" classname="CNS-CSI-Driver-End-to-End-Transaction-Support-Tests" status="skipped" time="0">
              <skipped message="skipped"></skipped>
          </testcase>
          <testcase name="[It] [sig-node] Probing container should be restarted with an exec liveness probe with timeout [MinimumKubeletVersion:1.20] [NodeConformance] [sig-node, NodeConformance]" classname="CNS-CSI-Driver-End-to-End-Transaction-Support-Tests" status="skipped" time="0">
              <skipped message="skipped"></skipped>
          </testcase>
          <testcase name="[It] [sig-node] Probing container should not be ready with an exec readiness probe timeout [MinimumKubeletVersion:1.20] [NodeConformance] [sig-node, NodeConformance]" classname="CNS-CSI-Driver-End-to-End-Transaction-Support-Tests" status="skipped" time="0">
              <skipped message="skipped"></skipped>
          </testcase>
          <testcase name="[It] [sig-node] Probing container should be restarted with a failing exec liveness probe that took longer than the timeout [sig-node]" classname="CNS-CSI-Driver-End-to-End-Transaction-Support-Tests" status="skipped" time="0">
              <skipped message="skipped"></skipped>
          </testcase>
          <testcase name="[It] [sig-node] Probing container should be restarted with a local redirect http liveness probe [sig-node]" classname="CNS-CSI-Driver-End-to-End-Transaction-Support-Tests" status="skipped" time="0">
              <skipped message="skipped"></skipped>
          </testcase>
          <testcase name="[It] [sig-node] Probing container should *not* be restarted with a non-local redirect http liveness probe [sig-node]" classname="CNS-CSI-Driver-End-to-End-Transaction-Support-Tests" status="skipped" time="0">
              <skipped message="skipped"></skipped>
          </testcase>
          <testcase name="[It] [sig-node] Probing container should be restarted startup probe fails [sig-node]" classname="CNS-CSI-Driver-End-to-End-Transaction-Support-Tests" status="skipped" time="0">
              <skipped message="skipped"></skipped>
          </testcase>
          <testcase name="[It] [sig-node] Probing container should *not* be restarted by liveness probe because startup probe delays it [sig-node]" classname="CNS-CSI-Driver-End-to-End-Transaction-Support-Tests" status="skipped" time="0">
              <skipped message="skipped"></skipped>
          </testcase>
          <testcase name="[It] [sig-node] Probing container should be restarted by liveness probe after startup probe enables it [sig-node]" classname="CNS-CSI-Driver-End-to-End-Transaction-Support-Tests" status="skipped" time="0">
              <skipped message="skipped"></skipped>
          </testcase>
          <testcase name="[It] [sig-node] Probing container should be ready immediately after startupProbe succeeds [sig-node]" classname="CNS-CSI-Driver-End-to-End-Transaction-Support-Tests" status="skipped" time="0">
              <skipped message="skipped"></skipped>
          </testcase>
          <testcase name="[It] [sig-node] Probing container should override timeoutGracePeriodSeconds when LivenessProbe field is set [NodeConformance] [sig-node, NodeConformance]" classname="CNS-CSI-Driver-End-to-End-Transaction-Support-Tests" status="skipped" time="0">
              <skipped message="skipped"></skipped>
          </testcase>
          <testcase name="[It] [sig-node] Probing container should override timeoutGracePeriodSeconds when StartupProbe field is set [NodeConformance] [sig-node, NodeConformance]" classname="CNS-CSI-Driver-End-to-End-Transaction-Support-Tests" status="skipped" time="0">
              <skipped message="skipped"></skipped>
          </testcase>
          <testcase name="[It] [sig-node] Probing container should *not* be restarted with a GRPC liveness probe [NodeConformance] [Conformance] [sig-node, NodeConformance, Conformance]" classname="CNS-CSI-Driver-End-to-End-Transaction-Support-Tests" status="skipped" time="0">
              <skipped message="skipped"></skipped>
          </testcase>
          <testcase name="[It] [sig-node] Probing container should be restarted with a GRPC liveness probe [NodeConformance] [Conformance] [sig-node, NodeConformance, Conformance]" classname="CNS-CSI-Driver-End-to-End-Transaction-Support-Tests" status="skipped" time="0">
              <skipped message="skipped"></skipped>
          </testcase>
          <testcase name="[It] [sig-node] Probing container should mark readiness on pods to false while pod is in progress of terminating when a pod has a readiness probe [sig-node]" classname="CNS-CSI-Driver-End-to-End-Transaction-Support-Tests" status="skipped" time="0">
              <skipped message="skipped"></skipped>
          </testcase>
          <testcase name="[It] [sig-node] Probing container should mark readiness on pods to false and disable liveness probes while pod is in progress of terminating [sig-node]" classname="CNS-CSI-Driver-End-to-End-Transaction-Support-Tests" status="skipped" time="0">
              <skipped message="skipped"></skipped>
          </testcase>
          <testcase name="[It] [sig-node] KubeletManagedEtcHosts should test kubelet managed /etc/hosts file [NodeConformance] [Conformance] [sig-node, NodeConformance, Conformance]" classname="CNS-CSI-Driver-End-to-End-Transaction-Support-Tests" status="skipped" time="0">
              <skipped message="skipped"></skipped>
          </testcase>
          <testcase name="[It] Transaction_Support_LC Transaction_Support_Table_Tests CSI-Service-Down [csi-block-vanilla] [csi-guest] [csi-supervisor] Veify Create Linked Clone With Transaction Support During Service Down-APD-vSAN-Partitioning [p0, disruptive, block, windows, wcp, tkg, vanilla, vc91]" classname="CNS-CSI-Driver-End-to-End-Transaction-Support-Tests" status="skipped" time="0">
              <skipped message="skipped"></skipped>
          </testcase>
          <testcase name="[It] Transaction_Support_LC Transaction_Support_Table_Tests Datastore-APD [csi-block-vanilla] [csi-guest] [csi-supervisor] Veify Create Linked Clone With Transaction Support During Service Down-APD-vSAN-Partitioning [p0, disruptive, block, windows, wcp, tkg, vanilla, vc91]" classname="CNS-CSI-Driver-End-to-End-Transaction-Support-Tests" status="skipped" time="0">
              <skipped message="skipped"></skipped>
          </testcase>
          <testcase name="[It] [sig-storage] Volumes NFSv4 should be mountable for NFSv4 [sig-storage]" classname="CNS-CSI-Driver-End-to-End-Transaction-Support-Tests" status="skipped" time="0">
              <skipped message="skipped"></skipped>
          </testcase>
          <testcase name="[It] [sig-storage] Volumes NFSv3 should be mountable for NFSv3 [sig-storage]" classname="CNS-CSI-Driver-End-to-End-Transaction-Support-Tests" status="skipped" time="0">
              <skipped message="skipped"></skipped>
          </testcase>
          <testcase name="[It] [sig-node] Sysctls [LinuxOnly] [NodeConformance] should support sysctls [MinimumKubeletVersion:1.21] [Environment:NotInUserNS] [Conformance] [sig-node, NodeConformance, Environment:NotInUserNS, Conformance]" classname="CNS-CSI-Driver-End-to-End-Transaction-Support-Tests" status="skipped" time="0">
              <skipped message="skipped"></skipped>
          </testcase>
          <testcase name="[It] [sig-node] Sysctls [LinuxOnly] [NodeConformance] should reject invalid sysctls [MinimumKubeletVersion:1.21] [Conformance] [sig-node, NodeConformance, Conformance]" classname="CNS-CSI-Driver-End-to-End-Transaction-Support-Tests" status="skipped" time="0">
              <skipped message="skipped"></skipped>
          </testcase>
          <testcase name="[It] [sig-node] Sysctls [LinuxOnly] [NodeConformance] should not launch unsafe, but not explicitly enabled sysctls on the node [MinimumKubeletVersion:1.21] [sig-node, NodeConformance]" classname="CNS-CSI-Driver-End-to-End-Transaction-Support-Tests" status="skipped" time="0">
              <skipped message="skipped"></skipped>
          </testcase>
          <testcase name="[It] [sig-node] Sysctls [LinuxOnly] [NodeConformance] should support sysctls with slashes as separator [MinimumKubeletVersion:1.23] [Environment:NotInUserNS] [sig-node, NodeConformance, Environment:NotInUserNS]" classname="CNS-CSI-Driver-End-to-End-Transaction-Support-Tests" status="skipped" time="0">
              <skipped message="skipped"></skipped>
          </testcase>
          <testcase name="[It] [sig-node] Secrets should be consumable from pods in env vars [NodeConformance] [Conformance] [sig-node, NodeConformance, Conformance]" classname="CNS-CSI-Driver-End-to-End-Transaction-Support-Tests" status="skipped" time="0">
              <skipped message="skipped"></skipped>
          </testcase>
          <testcase name="[It] [sig-node] Secrets should be consumable via the environment [NodeConformance] [Conformance] [sig-node, NodeConformance, Conformance]" classname="CNS-CSI-Driver-End-to-End-Transaction-Support-Tests" status="skipped" time="0">
              <skipped message="skipped"></skipped>
          </testcase>
          <testcase name="[It] [sig-node] Secrets should fail to create secret due to empty secret key [Conformance] [sig-node, Conformance]" classname="CNS-CSI-Driver-End-to-End-Transaction-Support-Tests" status="skipped" time="0">
              <skipped message="skipped"></skipped>
          </testcase>
          <testcase name="[It] [sig-node] Secrets should patch a secret [Conformance] [sig-node, Conformance]" classname="CNS-CSI-Driver-End-to-End-Transaction-Support-Tests" status="skipped" time="0">
              <skipped message="skipped"></skipped>
          </testcase>
          <testcase name="[It] [sig-node] Secrets should be consumable as environment variable names when secret keys start with a digit [Feature:RelaxedEnvironmentVariableValidation] [sig-node, Feature:RelaxedEnvironmentVariableValidation]" classname="CNS-CSI-Driver-End-to-End-Transaction-Support-Tests" status="skipped" time="0">
              <skipped message="skipped"></skipped>
          </testcase>
          <testcase name="[It] [sig-node] Ephemeral Containers [NodeConformance] will start an ephemeral container in an existing pod [Conformance] [sig-node, NodeConformance, Conformance]" classname="CNS-CSI-Driver-End-to-End-Transaction-Support-Tests" status="skipped" time="0">
              <skipped message="skipped"></skipped>
          </testcase>
          <testcase name="[It] [sig-node] Ephemeral Containers [NodeConformance] should update the ephemeral containers in an existing pod [Conformance] [sig-node, NodeConformance, Conformance]" classname="CNS-CSI-Driver-End-to-End-Transaction-Support-Tests" status="skipped" time="0">
              <skipped message="skipped"></skipped>
          </testcase>
          <testcase name="[It] [sig-node] Container Lifecycle Hook when create a pod with lifecycle hook should execute poststart exec hook properly [NodeConformance] [Conformance] [sig-node, NodeConformance, Conformance]" classname="CNS-CSI-Driver-End-to-End-Transaction-Support-Tests" status="skipped" time="0">
              <skipped message="skipped"></skipped>
          </testcase>
          <testcase name="[It] [sig-node] Container Lifecycle Hook when create a pod with lifecycle hook should execute prestop exec hook properly [NodeConformance] [Conformance] [sig-node, NodeConformance, Conformance]" classname="CNS-CSI-Driver-End-to-End-Transaction-Support-Tests" status="skipped" time="0">
              <skipped message="skipped"></skipped>
          </testcase>
          <testcase name="[It] [sig-node] Container Lifecycle Hook when create a pod with lifecycle hook should execute poststart http hook properly [NodeConformance] [Conformance] [sig-node, NodeConformance, Conformance]" classname="CNS-CSI-Driver-End-to-End-Transaction-Support-Tests" status="skipped" time="0">
              <skipped message="skipped"></skipped>
          </testcase>
          <testcase name="[It] [sig-node] Container Lifecycle Hook when create a pod with lifecycle hook should execute poststart https hook properly [MinimumKubeletVersion:1.23] [NodeConformance] [sig-node, NodeConformance]" classname="CNS-CSI-Driver-End-to-End-Transaction-Support-Tests" status="skipped" time="0">
              <skipped message="skipped"></skipped>
          </testcase>
          <testcase name="[It] [sig-node] Container Lifecycle Hook when create a pod with lifecycle hook should execute prestop http hook properly [NodeConformance] [Conformance] [sig-node, NodeConformance, Conformance]" classname="CNS-CSI-Driver-End-to-End-Transaction-Support-Tests" status="skipped" time="0">
              <skipped message="skipped"></skipped>
          </testcase>
          <testcase name="[It] [sig-node] Container Lifecycle Hook when create a pod with lifecycle hook should execute prestop https hook properly [MinimumKubeletVersion:1.23] [NodeConformance] [sig-node, NodeConformance]" classname="CNS-CSI-Driver-End-to-End-Transaction-Support-Tests" status="skipped" time="0">
              <skipped message="skipped"></skipped>
          </testcase>
          <testcase name="[It] [sig-node] Downward API [Serial] [Disruptive] [Feature:DownwardAPIHugePages] Downward API tests for hugepages should provide container&#39;s limits.hugepages-&lt;pagesize&gt; and requests.hugepages-&lt;pagesize&gt; as env vars [sig-node, Serial, Disruptive, Feature:DownwardAPIHugePages]" classname="CNS-CSI-Driver-End-to-End-Transaction-Support-Tests" status="skipped" time="0">
              <skipped message="skipped"></skipped>
          </testcase>
          <testcase name="[It] [sig-node] Downward API [Serial] [Disruptive] [Feature:DownwardAPIHugePages] Downward API tests for hugepages should provide default limits.hugepages-&lt;pagesize&gt; from node allocatable [sig-node, Serial, Disruptive, Feature:DownwardAPIHugePages]" classname="CNS-CSI-Driver-End-to-End-Transaction-Support-Tests" status="skipped" time="0">
              <skipped message="skipped"></skipped>
          </testcase>
          <testcase name="[It] [sig-node] [Feature:PodLifecycleSleepAction] when create a pod with lifecycle hook using sleep action valid prestop hook using sleep action [sig-node, Feature:PodLifecycleSleepAction]" classname="CNS-CSI-Driver-End-to-End-Transaction-Support-Tests" status="skipped" time="0">
              <skipped message="skipped"></skipped>
          </testcase>
          <testcase name="[It] [sig-node] [Feature:PodLifecycleSleepAction] when create a pod with lifecycle hook using sleep action reduce GracePeriodSeconds during runtime [sig-node, Feature:PodLifecycleSleepAction]" classname="CNS-CSI-Driver-End-to-End-Transaction-Support-Tests" status="skipped" time="0">
              <skipped message="skipped"></skipped>
          </testcase>
          <testcase name="[It] [sig-node] [Feature:PodLifecycleSleepAction] when create a pod with lifecycle hook using sleep action ignore terminated container [sig-node, Feature:PodLifecycleSleepAction]" classname="CNS-CSI-Driver-End-to-End-Transaction-Support-Tests" status="skipped" time="0">
              <skipped message="skipped"></skipped>
          </testcase>
          <testcase name="[It] [sig-node] [Feature:PodLifecycleSleepActionAllowZero] when create a pod with lifecycle hook using sleep action with a duration of zero seconds prestop hook using sleep action with zero duration [sig-node, Feature:PodLifecycleSleepActionAllowZero]" classname="CNS-CSI-Driver-End-to-End-Transaction-Support-Tests" status="skipped" time="0">
              <skipped message="skipped"></skipped>
          </testcase>
          <testcase name="[It] [sig-network] Networking Granular Checks: Pods should function for intra-pod communication: http [NodeConformance] [Conformance] [sig-network, NodeConformance, Conformance]" classname="CNS-CSI-Driver-End-to-End-Transaction-Support-Tests" status="skipped" time="0">
              <skipped message="skipped"></skipped>
          </testcase>
          <testcase name="[It] [sig-network] Networking Granular Checks: Pods should function for intra-pod communication: udp [NodeConformance] [Conformance] [sig-network, NodeConformance, Conformance]" classname="CNS-CSI-Driver-End-to-End-Transaction-Support-Tests" status="skipped" time="0">
              <skipped message="skipped"></skipped>
          </testcase>
          <testcase name="[It] [sig-network] Networking Granular Checks: Pods should function for node-pod communication: http [LinuxOnly] [NodeConformance] [Conformance] [sig-network, NodeConformance, Conformance]" classname="CNS-CSI-Driver-End-to-End-Transaction-Support-Tests" status="skipped" time="0">
              <skipped message="skipped"></skipped>
          </testcase>
          <testcase name="[It] [sig-network] Networking Granular Checks: Pods should function for node-pod communication: udp [LinuxOnly] [NodeConformance] [Conformance] [sig-network, NodeConformance, Conformance]" classname="CNS-CSI-Driver-End-to-End-Transaction-Support-Tests" status="skipped" time="0">
              <skipped message="skipped"></skipped>
          </testcase>
          <testcase name="[It] [sig-network] Networking Granular Checks: Pods should function for intra-pod communication: sctp [LinuxOnly] [Feature:SCTPConnectivity] [sig-network, Feature:SCTPConnectivity]" classname="CNS-CSI-Driver-End-to-End-Transaction-Support-Tests" status="skipped" time="0">
              <skipped message="skipped"></skipped>
          </testcase>
          <testcase name="[It] [sig-network] Networking Granular Checks: Pods should function for node-pod communication: sctp [LinuxOnly] [Feature:SCTPConnectivity] [sig-network, Feature:SCTPConnectivity]" classname="CNS-CSI-Driver-End-to-End-Transaction-Support-Tests" status="skipped" time="0">
              <skipped message="skipped"></skipped>
          </testcase>
          <testcase name="[It] [sig-storage] HostPath should give a volume the correct mode [LinuxOnly] [NodeConformance] [sig-storage, NodeConformance]" classname="CNS-CSI-Driver-End-to-End-Transaction-Support-Tests" status="skipped" time="0">
              <skipped message="skipped"></skipped>
          </testcase>
          <testcase name="[It] [sig-storage] HostPath should support r/w [NodeConformance] [sig-storage, NodeConformance]" classname="CNS-CSI-Driver-End-to-End-Transaction-Support-Tests" status="skipped" time="0">
              <skipped message="skipped"></skipped>
          </testcase>
          <testcase name="[It] [sig-storage] HostPath should support subPath [NodeConformance] [sig-storage, NodeConformance]" classname="CNS-CSI-Driver-End-to-End-Transaction-Support-Tests" status="skipped" time="0">
              <skipped message="skipped"></skipped>
          </testcase>
          <testcase name="[It] [sig-storage] Secrets should be consumable from pods in volume [NodeConformance] [Conformance] [sig-storage, NodeConformance, Conformance]" classname="CNS-CSI-Driver-End-to-End-Transaction-Support-Tests" status="skipped" time="0">
              <skipped message="skipped"></skipped>
          </testcase>
          <testcase name="[It] [sig-storage] Secrets should be consumable from pods in volume with defaultMode set [LinuxOnly] [NodeConformance] [Conformance] [sig-storage, NodeConformance, Conformance]" classname="CNS-CSI-Driver-End-to-End-Transaction-Support-Tests" status="skipped" time="0">
              <skipped message="skipped"></skipped>
          </testcase>
          <testcase name="[It] [sig-storage] Secrets should be consumable from pods in volume as non-root with defaultMode and fsGroup set [LinuxOnly] [NodeConformance] [Conformance] [sig-storage, NodeConformance, Conformance]" classname="CNS-CSI-Driver-End-to-End-Transaction-Support-Tests" status="skipped" time="0">
              <skipped message="skipped"></skipped>
          </testcase>
          <testcase name="[It] [sig-storage] Secrets should be consumable from pods in volume with mappings [NodeConformance] [Conformance] [sig-storage, NodeConformance, Conformance]" classname="CNS-CSI-Driver-End-to-End-Transaction-Support-Tests" status="skipped" time="0">
              <skipped message="skipped"></skipped>
          </testcase>
          <testcase name="[It] [sig-storage] Secrets should be consumable from pods in volume with mappings and Item Mode set [LinuxOnly] [NodeConformance] [Conformance] [sig-storage, NodeConformance, Conformance]" classname="CNS-CSI-Driver-End-to-End-Transaction-Support-Tests" status="skipped" time="0">
              <skipped message="skipped"></skipped>
          </testcase>
          <testcase name="[It] [sig-storage] Secrets should be able to mount in a volume regardless of a different secret existing with same name in different namespace [NodeConformance] [Conformance] [sig-storage, NodeConformance, Conformance]" classname="CNS-CSI-Driver-End-to-End-Transaction-Support-Tests" status="skipped" time="0">
              <skipped message="skipped"></skipped>
          </testcase>
          <testcase name="[It] [sig-storage] Secrets should be consumable in multiple volumes in a pod [NodeConformance] [Conformance] [sig-storage, NodeConformance, Conformance]" classname="CNS-CSI-Driver-End-to-End-Transaction-Support-Tests" status="skipped" time="0">
              <skipped message="skipped"></skipped>
          </testcase>
          <testcase name="[It] [sig-storage] Secrets optional updates should be reflected in volume [NodeConformance] [Conformance] [sig-storage, NodeConformance, Conformance]" classname="CNS-CSI-Driver-End-to-End-Transaction-Support-Tests" status="skipped" time="0">
              <skipped message="skipped"></skipped>
          </testcase>
          <testcase name="[It] [sig-storage] Secrets should be immutable if `immutable` field is set [Conformance] [sig-storage, Conformance]" classname="CNS-CSI-Driver-End-to-End-Transaction-Support-Tests" status="skipped" time="0">
              <skipped message="skipped"></skipped>
          </testcase>
          <testcase name="[It] [sig-storage] Secrets Should fail non-optional pod creation due to secret object does not exist [Slow] [sig-storage, Slow]" classname="CNS-CSI-Driver-End-to-End-Transaction-Support-Tests" status="skipped" time="0">
              <skipped message="skipped"></skipped>
          </testcase>
          <testcase name="[It] [sig-storage] Secrets Should fail non-optional pod creation due to the key in the secret object does not exist [Slow] [sig-storage, Slow]" classname="CNS-CSI-Driver-End-to-End-Transaction-Support-Tests" status="skipped" time="0">
              <skipped message="skipped"></skipped>
          </testcase>
          <testcase name="[It] [sig-node] ConfigMap should be consumable via environment variable [NodeConformance] [Conformance] [sig-node, NodeConformance, Conformance]" classname="CNS-CSI-Driver-End-to-End-Transaction-Support-Tests" status="skipped" time="0">
              <skipped message="skipped"></skipped>
          </testcase>
          <testcase name="[It] [sig-node] ConfigMap should be consumable via the environment [NodeConformance] [Conformance] [sig-node, NodeConformance, Conformance]" classname="CNS-CSI-Driver-End-to-End-Transaction-Support-Tests" status="skipped" time="0">
              <skipped message="skipped"></skipped>
          </testcase>
          <testcase name="[It] [sig-node] ConfigMap should fail to create ConfigMap with empty key [Conformance] [sig-node, Conformance]" classname="CNS-CSI-Driver-End-to-End-Transaction-Support-Tests" status="skipped" time="0">
              <skipped message="skipped"></skipped>
          </testcase>
          <testcase name="[It] [sig-node] ConfigMap should update ConfigMap successfully [sig-node]" classname="CNS-CSI-Driver-End-to-End-Transaction-Support-Tests" status="skipped" time="0">
              <skipped message="skipped"></skipped>
          </testcase>
          <testcase name="[It] [sig-node] ConfigMap should run through a ConfigMap lifecycle [Conformance] [sig-node, Conformance]" classname="CNS-CSI-Driver-End-to-End-Transaction-Support-Tests" status="skipped" time="0">
              <skipped message="skipped"></skipped>
          </testcase>
          <testcase name="[It] [sig-node] ConfigMap should be consumable as environment variable names when configmap keys start with a digit [Feature:RelaxedEnvironmentVariableValidation] [sig-node, Feature:RelaxedEnvironmentVariableValidation]" classname="CNS-CSI-Driver-End-to-End-Transaction-Support-Tests" status="skipped" time="0">
              <skipped message="skipped"></skipped>
          </testcase>
          <testcase name="[It] [sig-node] Container Runtime blackbox test when starting a container that exits should run with the expected status [NodeConformance] [Conformance] [sig-node, NodeConformance, Conformance]" classname="CNS-CSI-Driver-End-to-End-Transaction-Support-Tests" status="skipped" time="0">
              <skipped message="skipped"></skipped>
          </testcase>
          <testcase name="[It] [sig-node] Container Runtime blackbox test on terminated container should report termination message if TerminationMessagePath is set [NodeConformance] [sig-node, NodeConformance]" classname="CNS-CSI-Driver-End-to-End-Transaction-Support-Tests" status="skipped" time="0">
              <skipped message="skipped"></skipped>
          </testcase>
          <testcase name="[It] [sig-node] Container Runtime blackbox test on terminated container should report termination message if TerminationMessagePath is set as non-root user and at a non-default path [NodeConformance] [Conformance] [sig-node, NodeConformance, Conformance]" classname="CNS-CSI-Driver-End-to-End-Transaction-Support-Tests" status="skipped" time="0">
              <skipped message="skipped"></skipped>
          </testcase>
          <testcase name="[It] [sig-node] Container Runtime blackbox test on terminated container should report termination message from log output if TerminationMessagePolicy FallbackToLogsOnError is set [NodeConformance] [Conformance] [sig-node, NodeConformance, Conformance]" classname="CNS-CSI-Driver-End-to-End-Transaction-Support-Tests" status="skipped" time="0">
              <skipped message="skipped"></skipped>
          </testcase>
          <testcase name="[It] [sig-node] Container Runtime blackbox test on terminated container should report termination message as empty when pod succeeds and TerminationMessagePolicy FallbackToLogsOnError is set [NodeConformance] [Conformance] [sig-node, NodeConformance, Conformance]" classname="CNS-CSI-Driver-End-to-End-Transaction-Support-Tests" status="skipped" time="0">
              <skipped message="skipped"></skipped>
          </testcase>
          <testcase name="[It] [sig-node] Container Runtime blackbox test on terminated container should report termination message from file when pod succeeds and TerminationMessagePolicy FallbackToLogsOnError is set [NodeConformance] [Conformance] [sig-node, NodeConformance, Conformance]" classname="CNS-CSI-Driver-End-to-End-Transaction-Support-Tests" status="skipped" time="0">
              <skipped message="skipped"></skipped>
          </testcase>
          <testcase name="[It] [sig-node] Container Runtime blackbox test when running a container with a new image should not be able to pull image from invalid registry [NodeConformance] [sig-node, NodeConformance]" classname="CNS-CSI-Driver-End-to-End-Transaction-Support-Tests" status="skipped" time="0">
              <skipped message="skipped"></skipped>
          </testcase>
          <testcase name="[It] [sig-node] Container Runtime blackbox test when running a container with a new image should be able to pull image [NodeConformance] [sig-node, NodeConformance]" classname="CNS-CSI-Driver-End-to-End-Transaction-Support-Tests" status="skipped" time="0">
              <skipped message="skipped"></skipped>
          </testcase>
          <testcase name="[It] [sig-node] Container Runtime blackbox test when running a container with a new image should not be able to pull from private registry without secret [NodeConformance] [sig-node, NodeConformance]" classname="CNS-CSI-Driver-End-to-End-Transaction-Support-Tests" status="skipped" time="0">
              <skipped message="skipped"></skipped>
          </testcase>
          <testcase name="[It] [sig-node] Container Runtime blackbox test when running a container with a new image should be able to pull from private registry with secret [NodeConformance] [sig-node, NodeConformance]" classname="CNS-CSI-Driver-End-to-End-Transaction-Support-Tests" status="skipped" time="0">
              <skipped message="skipped"></skipped>
          </testcase>
          <testcase name="[It] [sig-node] RuntimeClass should reject a Pod requesting a non-existent RuntimeClass [NodeConformance] [Conformance] [sig-node, NodeConformance, Conformance]" classname="CNS-CSI-Driver-End-to-End-Transaction-Support-Tests" status="skipped" time="0">
              <skipped message="skipped"></skipped>
          </testcase>
          <testcase name="[It] [sig-node] RuntimeClass should reject a Pod requesting a RuntimeClass with an unconfigured handler [Feature:RuntimeHandler] [sig-node, Feature:RuntimeHandler]" classname="CNS-CSI-Driver-End-to-End-Transaction-Support-Tests" status="skipped" time="0">
              <skipped message="skipped"></skipped>
          </testcase>
          <testcase name="[It] [sig-node] RuntimeClass should run a Pod requesting a RuntimeClass with a configured handler [Feature:RuntimeHandler] [sig-node, Feature:RuntimeHandler]" classname="CNS-CSI-Driver-End-to-End-Transaction-Support-Tests" status="skipped" time="0">
              <skipped message="skipped"></skipped>
          </testcase>
          <testcase name="[It] [sig-node] RuntimeClass should schedule a Pod requesting a RuntimeClass without PodOverhead [NodeConformance] [Conformance] [sig-node, NodeConformance, Conformance]" classname="CNS-CSI-Driver-End-to-End-Transaction-Support-Tests" status="skipped" time="0">
              <skipped message="skipped"></skipped>
          </testcase>
          <testcase name="[It] [sig-node] RuntimeClass should schedule a Pod requesting a RuntimeClass and initialize its Overhead [NodeConformance] [Conformance] [sig-node, NodeConformance, Conformance]" classname="CNS-CSI-Driver-End-to-End-Transaction-Support-Tests" status="skipped" time="0">
              <skipped message="skipped"></skipped>
          </testcase>
          <testcase name="[It] [sig-node] RuntimeClass should reject a Pod requesting a deleted RuntimeClass [NodeConformance] [Conformance] [sig-node, NodeConformance, Conformance]" classname="CNS-CSI-Driver-End-to-End-Transaction-Support-Tests" status="skipped" time="0">
              <skipped message="skipped"></skipped>
          </testcase>
          <testcase name="[It] [sig-node] RuntimeClass should support RuntimeClasses API operations [Conformance] [sig-node, Conformance]" classname="CNS-CSI-Driver-End-to-End-Transaction-Support-Tests" status="skipped" time="0">
              <skipped message="skipped"></skipped>
          </testcase>
          <testcase name="[It] [sig-storage] Projected secret should be consumable from pods in volume [NodeConformance] [Conformance] [sig-storage, NodeConformance, Conformance]" classname="CNS-CSI-Driver-End-to-End-Transaction-Support-Tests" status="skipped" time="0">
              <skipped message="skipped"></skipped>
          </testcase>
          <testcase name="[It] [sig-storage] Projected secret should be consumable from pods in volume with defaultMode set [LinuxOnly] [NodeConformance] [Conformance] [sig-storage, NodeConformance, Conformance]" classname="CNS-CSI-Driver-End-to-End-Transaction-Support-Tests" status="skipped" time="0">
              <skipped message="skipped"></skipped>
          </testcase>
          <testcase name="[It] [sig-storage] Projected secret should be consumable from pods in volume as non-root with defaultMode and fsGroup set [LinuxOnly] [NodeConformance] [Conformance] [sig-storage, NodeConformance, Conformance]" classname="CNS-CSI-Driver-End-to-End-Transaction-Support-Tests" status="skipped" time="0">
              <skipped message="skipped"></skipped>
          </testcase>
          <testcase name="[It] [sig-storage] Projected secret should be consumable from pods in volume with mappings [NodeConformance] [Conformance] [sig-storage, NodeConformance, Conformance]" classname="CNS-CSI-Driver-End-to-End-Transaction-Support-Tests" status="skipped" time="0">
              <skipped message="skipped"></skipped>
          </testcase>
          <testcase name="[It] [sig-storage] Projected secret should be consumable from pods in volume with mappings and Item Mode set [LinuxOnly] [NodeConformance] [Conformance] [sig-storage, NodeConformance, Conformance]" classname="CNS-CSI-Driver-End-to-End-Transaction-Support-Tests" status="skipped" time="0">
              <skipped message="skipped"></skipped>
          </testcase>
          <testcase name="[It] [sig-storage] Projected secret should be able to mount in a volume regardless of a different secret existing with same name in different namespace [NodeConformance] [sig-storage, NodeConformance]" classname="CNS-CSI-Driver-End-to-End-Transaction-Support-Tests" status="skipped" time="0">
              <skipped message="skipped"></skipped>
          </testcase>
          <testcase name="[It] [sig-storage] Projected secret should be consumable in multiple volumes in a pod [NodeConformance] [Conformance] [sig-storage, NodeConformance, Conformance]" classname="CNS-CSI-Driver-End-to-End-Transaction-Support-Tests" status="skipped" time="0">
              <skipped message="skipped"></skipped>
          </testcase>
          <testcase name="[It] [sig-storage] Projected secret optional updates should be reflected in volume [NodeConformance] [Conformance] [sig-storage, NodeConformance, Conformance]" classname="CNS-CSI-Driver-End-to-End-Transaction-Support-Tests" status="skipped" time="0">
              <skipped message="skipped"></skipped>
          </testcase>
          <testcase name="[It] [sig-storage] Projected secret Should fail non-optional pod creation due to secret object does not exist [Slow] [sig-storage, Slow]" classname="CNS-CSI-Driver-End-to-End-Transaction-Support-Tests" status="skipped" time="0">
              <skipped message="skipped"></skipped>
          </testcase>
          <testcase name="[It] [sig-storage] Projected secret Should fail non-optional pod creation due to the key in the secret object does not exist [Slow] [sig-storage, Slow]" classname="CNS-CSI-Driver-End-to-End-Transaction-Support-Tests" status="skipped" time="0">
              <skipped message="skipped"></skipped>
          </testcase>
          <testcase name="[It] [sig-storage] Projected combined should project all components that make up the projection API [Projection] [NodeConformance] [Conformance] [sig-storage, NodeConformance, Conformance]" classname="CNS-CSI-Driver-End-to-End-Transaction-Support-Tests" status="skipped" time="0">
              <skipped message="skipped"></skipped>
          </testcase>
          <testcase name="[It] Transaction_Support_CreateSnapshot Transaction_Support_Table_Tests CSI-Service-Down [csi-block-vanilla] [csi-guest] [csi-supervisor] Veify Create Snapshot With Transaction Support During Service Down-APD-vSAN-Partitioning [p0, disruptive, block, windows, wcp, tkg, vanilla, vc91]" classname="CNS-CSI-Driver-End-to-End-Transaction-Support-Tests" status="skipped" time="0">
              <skipped message="skipped"></skipped>
          </testcase>
          <testcase name="[It] Transaction_Support_CreateSnapshot Transaction_Support_Table_Tests Datastore-APD [csi-block-vanilla] [csi-guest] [csi-supervisor] Veify Create Snapshot With Transaction Support During Service Down-APD-vSAN-Partitioning [p0, disruptive, block, windows, wcp, tkg, vanilla, vc91]" classname="CNS-CSI-Driver-End-to-End-Transaction-Support-Tests" status="skipped" time="0">
              <skipped message="skipped"></skipped>
          </testcase>
          <testcase name="[It] [sig-node] Pod Level Resources [Serial] [Feature:PodLevelResources] Burstable QoS pod with container resources [sig-node, Serial, Feature:PodLevelResources]" classname="CNS-CSI-Driver-End-to-End-Transaction-Support-Tests" status="skipped" time="0">
              <skipped message="skipped"></skipped>
          </testcase>
          <testcase name="[It] [sig-node] Pod Level Resources [Serial] [Feature:PodLevelResources] Burstable QoS pod, 1 container with resources [sig-node, Serial, Feature:PodLevelResources]" classname="CNS-CSI-Driver-End-to-End-Transaction-Support-Tests" status="skipped" time="0">
              <skipped message="skipped"></skipped>
          </testcase>
          <testcase name="[It] [sig-node] Pod Level Resources [Serial] [Feature:PodLevelResources] Burstable QoS pod, no container resources [sig-node, Serial, Feature:PodLevelResources]" classname="CNS-CSI-Driver-End-to-End-Transaction-Support-Tests" status="skipped" time="0">
              <skipped message="skipped"></skipped>
          </testcase>
          <testcase name="[It] [sig-node] Pod Level Resources [Serial] [Feature:PodLevelResources] Guaranteed QoS pod with container resources [sig-node, Serial, Feature:PodLevelResources]" classname="CNS-CSI-Driver-End-to-End-Transaction-Support-Tests" status="skipped" time="0">
              <skipped message="skipped"></skipped>
          </testcase>
          <testcase name="[It] [sig-node] Pod Level Resources [Serial] [Feature:PodLevelResources] Guaranteed QoS pod with container resources [sig-node, Serial, Feature:PodLevelResources]" classname="CNS-CSI-Driver-End-to-End-Transaction-Support-Tests" status="skipped" time="0">
              <skipped message="skipped"></skipped>
          </testcase>
          <testcase name="[It] [sig-node] Pod Level Resources [Serial] [Feature:PodLevelResources] Guaranteed QoS pod, 1 container with resources [sig-node, Serial, Feature:PodLevelResources]" classname="CNS-CSI-Driver-End-to-End-Transaction-Support-Tests" status="skipped" time="0">
              <skipped message="skipped"></skipped>
          </testcase>
          <testcase name="[It] [sig-node] Pod Level Resources [Serial] [Feature:PodLevelResources] Guaranteed QoS pod, no container resources [sig-node, Serial, Feature:PodLevelResources]" classname="CNS-CSI-Driver-End-to-End-Transaction-Support-Tests" status="skipped" time="0">
              <skipped message="skipped"></skipped>
          </testcase>
          <testcase name="[It] [sig-node] Kubelet with pods in a privileged namespace when scheduling an agnhost Pod with hostAliases and hostNetwork should write entries to /etc/hosts when hostNetwork is enabled [NodeConformance] [sig-node, NodeConformance]" classname="CNS-CSI-Driver-End-to-End-Transaction-Support-Tests" status="skipped" time="0">
              <skipped message="skipped"></skipped>
          </testcase>
          <testcase name="[It] [sig-node] Pod InPlace Resize Container [FeatureGate:InPlacePodVerticalScaling] [Beta] BestEffort QoS pod - empty resize [sig-node, FeatureGate:InPlacePodVerticalScaling, Beta]" classname="CNS-CSI-Driver-End-to-End-Transaction-Support-Tests" status="skipped" time="0">
              <skipped message="skipped"></skipped>
          </testcase>
          <testcase name="[It] [sig-node] Pod InPlace Resize Container [FeatureGate:InPlacePodVerticalScaling] [Beta] Burstable QoS pod, mixed containers - add limits [sig-node, FeatureGate:InPlacePodVerticalScaling, Beta]" classname="CNS-CSI-Driver-End-to-End-Transaction-Support-Tests" status="skipped" time="0">
              <skipped message="skipped"></skipped>
          </testcase>
          <testcase name="[It] [sig-node] Pod InPlace Resize Container [FeatureGate:InPlacePodVerticalScaling] [Beta] Burstable QoS pod, mixed containers - add requests [sig-node, FeatureGate:InPlacePodVerticalScaling, Beta]" classname="CNS-CSI-Driver-End-to-End-Transaction-Support-Tests" status="skipped" time="0">
              <skipped message="skipped"></skipped>
          </testcase>
          <testcase name="[It] [sig-node] Pod InPlace Resize Container [FeatureGate:InPlacePodVerticalScaling] [Beta] Burstable QoS pod, mixed containers - scale up cpu and memory [sig-node, FeatureGate:InPlacePodVerticalScaling, Beta]" classname="CNS-CSI-Driver-End-to-End-Transaction-Support-Tests" status="skipped" time="0">
              <skipped message="skipped"></skipped>
          </testcase>
          <testcase name="[It] [sig-node] Pod InPlace Resize Container [FeatureGate:InPlacePodVerticalScaling] [Beta] Burstable QoS pod, one container - decrease CPU (NotRequired) &amp; memory (RestartContainer) [sig-node, FeatureGate:InPlacePodVerticalScaling, Beta]" classname="CNS-CSI-Driver-End-to-End-Transaction-Support-Tests" status="skipped" time="0">
              <skipped message="skipped"></skipped>
          </testcase>
          <testcase name="[It] [sig-node] Pod InPlace Resize Container [FeatureGate:InPlacePodVerticalScaling] [Beta] Burstable QoS pod, one container - decrease memory request (RestartContainer memory resize policy) [sig-node, FeatureGate:InPlacePodVerticalScaling, Beta]" classname="CNS-CSI-Driver-End-to-End-Transaction-Support-Tests" status="skipped" time="0">
              <skipped message="skipped"></skipped>
          </testcase>
          <testcase name="[It] [sig-node] Pod InPlace Resize Container [FeatureGate:InPlacePodVerticalScaling] [Beta] Burstable QoS pod, one container - increase memory request (NoRestart memory resize policy) [sig-node, FeatureGate:InPlacePodVerticalScaling, Beta]" classname="CNS-CSI-Driver-End-to-End-Transaction-Support-Tests" status="skipped" time="0">
              <skipped message="skipped"></skipped>
          </testcase>
          <testcase name="[It] [sig-node] Pod InPlace Resize Container [FeatureGate:InPlacePodVerticalScaling] [Beta] Burstable QoS pod, one container with cpu &amp; memory requests + limits - decrease CPU limits only [sig-node, FeatureGate:InPlacePodVerticalScaling, Beta]" classname="CNS-CSI-Driver-End-to-End-Transaction-Support-Tests" status="skipped" time="0">
              <skipped message="skipped"></skipped>
          </testcase>
          <testcase name="[It] [sig-node] Pod InPlace Resize Container [FeatureGate:InPlacePodVerticalScaling] [Beta] Burstable QoS pod, one container with cpu &amp; memory requests + limits - decrease CPU requests and increase CPU limits [sig-node, FeatureGate:InPlacePodVerticalScaling, Beta]" classname="CNS-CSI-Driver-End-to-End-Transaction-Support-Tests" status="skipped" time="0">
              <skipped message="skipped"></skipped>
          </testcase>
          <testcase name="[It] [sig-node] Pod InPlace Resize Container [FeatureGate:InPlacePodVerticalScaling] [Beta] Burstable QoS pod, one container with cpu &amp; memory requests + limits - decrease CPU requests and increase memory limits [sig-node, FeatureGate:InPlacePodVerticalScaling, Beta]" classname="CNS-CSI-Driver-End-to-End-Transaction-Support-Tests" status="skipped" time="0">
              <skipped message="skipped"></skipped>
          </testcase>
          <testcase name="[It] [sig-node] Pod InPlace Resize Container [FeatureGate:InPlacePodVerticalScaling] [Beta] Burstable QoS pod, one container with cpu &amp; memory requests + limits - decrease CPU requests and limits [sig-node, FeatureGate:InPlacePodVerticalScaling, Beta]" classname="CNS-CSI-Driver-End-to-End-Transaction-Support-Tests" status="skipped" time="0">
              <skipped message="skipped"></skipped>
          </testcase>
          <testcase name="[It] [sig-node] Pod InPlace Resize Container [FeatureGate:InPlacePodVerticalScaling] [Beta] Burstable QoS pod, one container with cpu &amp; memory requests + limits - decrease CPU requests only [sig-node, FeatureGate:InPlacePodVerticalScaling, Beta]" classname="CNS-CSI-Driver-End-to-End-Transaction-Support-Tests" status="skipped" time="0">
              <skipped message="skipped"></skipped>
          </testcase>
          <testcase name="[It] [sig-node] Pod InPlace Resize Container [FeatureGate:InPlacePodVerticalScaling] [Beta] Burstable QoS pod, one container with cpu &amp; memory requests + limits - decrease memory requests and increase CPU limits [sig-node, FeatureGate:InPlacePodVerticalScaling, Beta]" classname="CNS-CSI-Driver-End-to-End-Transaction-Support-Tests" status="skipped" time="0">
              <skipped message="skipped"></skipped>
          </testcase>
          <testcase name="[It] [sig-node] Pod InPlace Resize Container [FeatureGate:InPlacePodVerticalScaling] [Beta] Burstable QoS pod, one container with cpu &amp; memory requests + limits - decrease memory requests and increase memory limits [sig-node, FeatureGate:InPlacePodVerticalScaling, Beta]" classname="CNS-CSI-Driver-End-to-End-Transaction-Support-Tests" status="skipped" time="0">
              <skipped message="skipped"></skipped>
          </testcase>
          <testcase name="[It] [sig-node] Pod InPlace Resize Container [FeatureGate:InPlacePodVerticalScaling] [Beta] Burstable QoS pod, one container with cpu &amp; memory requests + limits - decrease memory requests only [sig-node, FeatureGate:InPlacePodVerticalScaling, Beta]" classname="CNS-CSI-Driver-End-to-End-Transaction-Support-Tests" status="skipped" time="0">
              <skipped message="skipped"></skipped>
          </testcase>
          <testcase name="[It] [sig-node] Pod InPlace Resize Container [FeatureGate:InPlacePodVerticalScaling] [Beta] Burstable QoS pod, one container with cpu &amp; memory requests + limits - increase CPU limits only [sig-node, FeatureGate:InPlacePodVerticalScaling, Beta]" classname="CNS-CSI-Driver-End-to-End-Transaction-Support-Tests" status="skipped" time="0">
              <skipped message="skipped"></skipped>
          </testcase>
          <testcase name="[It] [sig-node] Pod InPlace Resize Container [FeatureGate:InPlacePodVerticalScaling] [Beta] Burstable QoS pod, one container with cpu &amp; memory requests + limits - increase CPU requests and decrease CPU limits [sig-node, FeatureGate:InPlacePodVerticalScaling, Beta]" classname="CNS-CSI-Driver-End-to-End-Transaction-Support-Tests" status="skipped" time="0">
              <skipped message="skipped"></skipped>
          </testcase>
          <testcase name="[It] [sig-node] Pod InPlace Resize Container [FeatureGate:InPlacePodVerticalScaling] [Beta] Burstable QoS pod, one container with cpu &amp; memory requests + limits - increase CPU requests and limits [sig-node, FeatureGate:InPlacePodVerticalScaling, Beta]" classname="CNS-CSI-Driver-End-to-End-Transaction-Support-Tests" status="skipped" time="0">
              <skipped message="skipped"></skipped>
          </testcase>
          <testcase name="[It] [sig-node] Pod InPlace Resize Container [FeatureGate:InPlacePodVerticalScaling] [Beta] Burstable QoS pod, one container with cpu &amp; memory requests + limits - increase CPU requests only [sig-node, FeatureGate:InPlacePodVerticalScaling, Beta]" classname="CNS-CSI-Driver-End-to-End-Transaction-Support-Tests" status="skipped" time="0">
              <skipped message="skipped"></skipped>
          </testcase>
          <testcase name="[It] [sig-node] Pod InPlace Resize Container [FeatureGate:InPlacePodVerticalScaling] [Beta] Burstable QoS pod, one container with cpu &amp; memory requests + limits - increase memory limits only [sig-node, FeatureGate:InPlacePodVerticalScaling, Beta]" classname="CNS-CSI-Driver-End-to-End-Transaction-Support-Tests" status="skipped" time="0">
              <skipped message="skipped"></skipped>
          </testcase>
          <testcase name="[It] [sig-node] Pod InPlace Resize Container [FeatureGate:InPlacePodVerticalScaling] [Beta] Burstable QoS pod, one container with cpu &amp; memory requests + limits - increase memory requests and decrease CPU limits [sig-node, FeatureGate:InPlacePodVerticalScaling, Beta]" classname="CNS-CSI-Driver-End-to-End-Transaction-Support-Tests" status="skipped" time="0">
              <skipped message="skipped"></skipped>
          </testcase>
          <testcase name="[It] [sig-node] Pod InPlace Resize Container [FeatureGate:InPlacePodVerticalScaling] [Beta] Burstable QoS pod, one container with cpu &amp; memory requests + limits - increase memory requests and limits [sig-node, FeatureGate:InPlacePodVerticalScaling, Beta]" classname="CNS-CSI-Driver-End-to-End-Transaction-Support-Tests" status="skipped" time="0">
              <skipped message="skipped"></skipped>
          </testcase>
          <testcase name="[It] [sig-node] Pod InPlace Resize Container [FeatureGate:InPlacePodVerticalScaling] [Beta] Burstable QoS pod, one container with cpu &amp; memory requests + limits - increase memory requests only [sig-node, FeatureGate:InPlacePodVerticalScaling, Beta]" classname="CNS-CSI-Driver-End-to-End-Transaction-Support-Tests" status="skipped" time="0">
              <skipped message="skipped"></skipped>
          </testcase>
          <testcase name="[It] [sig-node] Pod InPlace Resize Container [FeatureGate:InPlacePodVerticalScaling] [Beta] Burstable QoS pod, one container with cpu &amp; memory requests - decrease memory request [sig-node, FeatureGate:InPlacePodVerticalScaling, Beta]" classname="CNS-CSI-Driver-End-to-End-Transaction-Support-Tests" status="skipped" time="0">
              <skipped message="skipped"></skipped>
          </testcase>
          <testcase name="[It] [sig-node] Pod InPlace Resize Container [FeatureGate:InPlacePodVerticalScaling] [Beta] Burstable QoS pod, one container with cpu &amp; memory requests - increase cpu request [sig-node, FeatureGate:InPlacePodVerticalScaling, Beta]" classname="CNS-CSI-Driver-End-to-End-Transaction-Support-Tests" status="skipped" time="0">
              <skipped message="skipped"></skipped>
          </testcase>
          <testcase name="[It] [sig-node] Pod InPlace Resize Container [FeatureGate:InPlacePodVerticalScaling] [Beta] Burstable QoS pod, one container with cpu requests and limits - resize with equivalents [sig-node, FeatureGate:InPlacePodVerticalScaling, Beta]" classname="CNS-CSI-Driver-End-to-End-Transaction-Support-Tests" status="skipped" time="0">
              <skipped message="skipped"></skipped>
          </testcase>
          <testcase name="[It] [sig-node] Pod InPlace Resize Container [FeatureGate:InPlacePodVerticalScaling] [Beta] Burstable QoS pod, one container, one restartable init container - decrease init container CPU only [sig-node, FeatureGate:InPlacePodVerticalScaling, Beta]" classname="CNS-CSI-Driver-End-to-End-Transaction-Support-Tests" status="skipped" time="0">
              <skipped message="skipped"></skipped>
          </testcase>
          <testcase name="[It] [sig-node] Pod InPlace Resize Container [FeatureGate:InPlacePodVerticalScaling] [Beta] Burstable QoS pod, one container, one restartable init container - decrease init container memory requests only [sig-node, FeatureGate:InPlacePodVerticalScaling, Beta]" classname="CNS-CSI-Driver-End-to-End-Transaction-Support-Tests" status="skipped" time="0">
              <skipped message="skipped"></skipped>
          </testcase>
          <testcase name="[It] [sig-node] Pod InPlace Resize Container [FeatureGate:InPlacePodVerticalScaling] [Beta] Burstable QoS pod, one container, one restartable init container - increase init container CPU &amp; memory [sig-node, FeatureGate:InPlacePodVerticalScaling, Beta]" classname="CNS-CSI-Driver-End-to-End-Transaction-Support-Tests" status="skipped" time="0">
              <skipped message="skipped"></skipped>
          </testcase>
          <testcase name="[It] [sig-node] Pod InPlace Resize Container [FeatureGate:InPlacePodVerticalScaling] [Beta] Burstable QoS pod, one container, one restartable init container - increase init container CPU only [sig-node, FeatureGate:InPlacePodVerticalScaling, Beta]" classname="CNS-CSI-Driver-End-to-End-Transaction-Support-Tests" status="skipped" time="0">
              <skipped message="skipped"></skipped>
          </testcase>
          <testcase name="[It] [sig-node] Pod InPlace Resize Container [FeatureGate:InPlacePodVerticalScaling] [Beta] Burstable QoS pod, one container, one restartable init container - increase init container memory only [sig-node, FeatureGate:InPlacePodVerticalScaling, Beta]" classname="CNS-CSI-Driver-End-to-End-Transaction-Support-Tests" status="skipped" time="0">
              <skipped message="skipped"></skipped>
          </testcase>
          <testcase name="[It] [sig-node] Pod InPlace Resize Container [FeatureGate:InPlacePodVerticalScaling] [Beta] Burstable QoS pod, three containers - decrease c1 resources, increase c2 resources, no change for c3 (net increase for pod) [sig-node, FeatureGate:InPlacePodVerticalScaling, Beta]" classname="CNS-CSI-Driver-End-to-End-Transaction-Support-Tests" status="skipped" time="0">
              <skipped message="skipped"></skipped>
          </testcase>
          <testcase name="[It] [sig-node] Pod InPlace Resize Container [FeatureGate:InPlacePodVerticalScaling] [Beta] Burstable QoS pod, three containers - increase c1 resources, no change for c2, decrease c3 resources (no net change for pod) [sig-node, FeatureGate:InPlacePodVerticalScaling, Beta]" classname="CNS-CSI-Driver-End-to-End-Transaction-Support-Tests" status="skipped" time="0">
              <skipped message="skipped"></skipped>
          </testcase>
          <testcase name="[It] [sig-node] Pod InPlace Resize Container [FeatureGate:InPlacePodVerticalScaling] [Beta] Burstable QoS pod, three containers - no change for c1, increase c2 resources, decrease c3 (net decrease for pod) [sig-node, FeatureGate:InPlacePodVerticalScaling, Beta]" classname="CNS-CSI-Driver-End-to-End-Transaction-Support-Tests" status="skipped" time="0">
              <skipped message="skipped"></skipped>
          </testcase>
          <testcase name="[It] [sig-node] Pod InPlace Resize Container [FeatureGate:InPlacePodVerticalScaling] [Beta] Guaranteed QoS pod, one container - decrease CPU only [sig-node, FeatureGate:InPlacePodVerticalScaling, Beta]" classname="CNS-CSI-Driver-End-to-End-Transaction-Support-Tests" status="skipped" time="0">
              <skipped message="skipped"></skipped>
          </testcase>
          <testcase name="[It] [sig-node] Pod InPlace Resize Container [FeatureGate:InPlacePodVerticalScaling] [Beta] Guaranteed QoS pod, one container - increase CPU &amp; memory [sig-node, FeatureGate:InPlacePodVerticalScaling, Beta]" classname="CNS-CSI-Driver-End-to-End-Transaction-Support-Tests" status="skipped" time="0">
              <skipped message="skipped"></skipped>
          </testcase>
          <testcase name="[It] [sig-node] Pod InPlace Resize Container [FeatureGate:InPlacePodVerticalScaling] [Beta] Guaranteed QoS pod, one container - increase CPU &amp; memory with an extended resource [sig-node, FeatureGate:InPlacePodVerticalScaling, Beta]" classname="CNS-CSI-Driver-End-to-End-Transaction-Support-Tests" status="skipped" time="0">
              <skipped message="skipped"></skipped>
          </testcase>
          <testcase name="[It] [sig-node] Pod InPlace Resize Container [FeatureGate:InPlacePodVerticalScaling] [Beta] Guaranteed QoS pod, one container - increase CPU (NotRequired) &amp; memory (RestartContainer) [sig-node, FeatureGate:InPlacePodVerticalScaling, Beta]" classname="CNS-CSI-Driver-End-to-End-Transaction-Support-Tests" status="skipped" time="0">
              <skipped message="skipped"></skipped>
          </testcase>
          <testcase name="[It] [sig-node] Pod InPlace Resize Container [FeatureGate:InPlacePodVerticalScaling] [Beta] Guaranteed QoS pod, one container, one restartable init container - decrease init container CPU [sig-node, FeatureGate:InPlacePodVerticalScaling, Beta]" classname="CNS-CSI-Driver-End-to-End-Transaction-Support-Tests" status="skipped" time="0">
              <skipped message="skipped"></skipped>
          </testcase>
          <testcase name="[It] [sig-node] Pod InPlace Resize Container [FeatureGate:InPlacePodVerticalScaling] [Beta] Guaranteed QoS pod, one restartable init container - decrease CPU &amp; increase memory [sig-node, FeatureGate:InPlacePodVerticalScaling, Beta]" classname="CNS-CSI-Driver-End-to-End-Transaction-Support-Tests" status="skipped" time="0">
              <skipped message="skipped"></skipped>
          </testcase>
          <testcase name="[It] [sig-node] Pod InPlace Resize Container [FeatureGate:InPlacePodVerticalScaling] [Beta] Guaranteed QoS pod, one restartable init container - increase CPU &amp; memory [sig-node, FeatureGate:InPlacePodVerticalScaling, Beta]" classname="CNS-CSI-Driver-End-to-End-Transaction-Support-Tests" status="skipped" time="0">
              <skipped message="skipped"></skipped>
          </testcase>
          <testcase name="[It] [sig-node] Pod InPlace Resize Container [FeatureGate:InPlacePodVerticalScaling] [Beta] Guaranteed QoS pod, three containers (c1, c2, c3) - increase: CPU (c1,c3), memory (c2, c3) ; decrease: CPU (c2) [sig-node, FeatureGate:InPlacePodVerticalScaling, Beta]" classname="CNS-CSI-Driver-End-to-End-Transaction-Support-Tests" status="skipped" time="0">
              <skipped message="skipped"></skipped>
          </testcase>
          <testcase name="[It] [sig-node] Pod InPlace Resize Container [FeatureGate:InPlacePodVerticalScaling] [Beta] BestEffort pod - try requesting memory, expect error [sig-node, FeatureGate:InPlacePodVerticalScaling, Beta]" classname="CNS-CSI-Driver-End-to-End-Transaction-Support-Tests" status="skipped" time="0">
              <skipped message="skipped"></skipped>
          </testcase>
          <testcase name="[It] [sig-node] Pod InPlace Resize Container [FeatureGate:InPlacePodVerticalScaling] [Beta] Burstable QoS pod with memory requests + limits - decrease memory limit [sig-node, FeatureGate:InPlacePodVerticalScaling, Beta]" classname="CNS-CSI-Driver-End-to-End-Transaction-Support-Tests" status="skipped" time="0">
              <skipped message="skipped"></skipped>
          </testcase>
          <testcase name="[It] [sig-node] Pod InPlace Resize Container [FeatureGate:InPlacePodVerticalScaling] [Beta] Burstable QoS pod, one container with CPU requests + limits, cpu requests - remove memory requests [sig-node, FeatureGate:InPlacePodVerticalScaling, Beta]" classname="CNS-CSI-Driver-End-to-End-Transaction-Support-Tests" status="skipped" time="0">
              <skipped message="skipped"></skipped>
          </testcase>
          <testcase name="[It] [sig-node] Pod InPlace Resize Container [FeatureGate:InPlacePodVerticalScaling] [Beta] Burstable QoS pod, one container with cpu &amp; memory requests + limits - remove CPU limits [sig-node, FeatureGate:InPlacePodVerticalScaling, Beta]" classname="CNS-CSI-Driver-End-to-End-Transaction-Support-Tests" status="skipped" time="0">
              <skipped message="skipped"></skipped>
          </testcase>
          <testcase name="[It] [sig-node] Pod InPlace Resize Container [FeatureGate:InPlacePodVerticalScaling] [Beta] Burstable QoS pod, one container with cpu &amp; memory requests + limits - remove memory limits [sig-node, FeatureGate:InPlacePodVerticalScaling, Beta]" classname="CNS-CSI-Driver-End-to-End-Transaction-Support-Tests" status="skipped" time="0">
              <skipped message="skipped"></skipped>
          </testcase>
[...]
8] kube-system/etcd-42377754866b2c0381b3e38dfb4c0918 started at 2025-09-22 13:52:38 +0530 IST (0+1 container statuses recorded)&#xA;I0922 20:07:30.982058 23039 dump.go:134] &#x9;Container etcd ready: true, restart count 0&#xA;I0922 20:07:30.982069 23039 dump.go:128] svc-tkg-2g4zd/capi-kubeadm-bootstrap-controller-manager-8f48c4cf9-78cv9 started at 2025-09-22 13:59:46 +0530 IST (0+1 container statuses recorded)&#xA;I0922 20:07:30.982078 23039 dump.go:134] &#x9;Container manager ready: true, restart count 0&#xA;I0922 20:07:30.982087 23039 dump.go:128] svc-tkg-2g4zd/tanzu-addons-controller-manager-55c759dffb-k96lb started at 2025-09-22 14:00:35 +0530 IST (0+1 container statuses recorded)&#xA;I0922 20:07:30.982096 23039 dump.go:134] &#x9;Container tanzu-addons-controller ready: true, restart count 0&#xA;I0922 20:07:30.982105 23039 dump.go:128] svc-tkg-2g4zd/tkr-conversion-webhook-manager-75ffc5795f-n6mjz started at 2025-09-22 13:59:44 +0530 IST (0+1 container statuses recorded)&#xA;I0922 20:07:30.982118 23039 dump.go:134] &#x9;Container manager ready: true, restart count 0&#xA;I0922 20:07:30.982128 23039 dump.go:128] vmware-system-pinniped/pinniped-supervisor-5f7458dbd8-2pcqt started at 2025-09-22 13:55:30 +0530 IST (0+1 container statuses recorded)&#xA;I0922 20:07:30.982137 23039 dump.go:134] &#x9;Container pinniped-supervisor ready: true, restart count 0&#xA;I0922 20:07:30.982168 23039 dump.go:128] vmware-system-vmop/vmware-system-vmop-controller-manager-b86f647bf-p9w6s started at 2025-09-22 13:59:32 +0530 IST (0+2 container statuses recorded)&#xA;I0922 20:07:30.982197 23039 dump.go:134] &#x9;Container kube-rbac-proxy ready: true, restart count 0&#xA;I0922 20:07:30.982206 23039 dump.go:134] &#x9;Container manager ready: true, restart count 0&#xA;I0922 20:07:30.982216 23039 dump.go:128] svc-tkg-2g4zd/capi-kubeadm-control-plane-controller-manager-5f85f79f59-hw86m started at 2025-09-22 13:59:47 +0530 IST (0+1 container statuses recorded)&#xA;I0922 20:07:30.982226 23039 dump.go:134] &#x9;Container manager ready: true, restart count 0&#xA;I0922 20:07:30.982234 23039 dump.go:128] svc-tkg-2g4zd/masterproxy-tkgs-plugin-8nlf4 started at 2025-09-22 14:01:02 +0530 IST (0+1 container statuses recorded)&#xA;I0922 20:07:30.982240 23039 dump.go:134] &#x9;Container nginx ready: true, restart count 0&#xA;I0922 20:07:30.982247 23039 dump.go:128] vmware-system-cert-manager/cert-manager-5b9c5944fd-fn6qx started at 2025-09-22 13:51:47 +0530 IST (0+1 container statuses recorded)&#xA;I0922 20:07:30.982253 23039 dump.go:134] &#x9;Container cert-manager-controller ready: true, restart count 1&#xA;I0922 20:07:30.982261 23039 dump.go:128] vmware-system-nsop/vmware-system-nsop-controller-manager-54b85c7788-jxk46 started at 2025-09-22 13:52:29 +0530 IST (0+1 container statuses recorded)&#xA;I0922 20:07:30.982266 23039 dump.go:134] &#x9;Container manager ready: true, restart count 0&#xA;I0922 20:07:30.982275 23039 dump.go:128] kube-system/supervisor-authz-service-controller-manager-5c89dcc465-b5ppl started at 2025-09-22 13:56:22 +0530 IST (0+1 container statuses recorded)&#xA;I0922 20:07:30.982283 23039 dump.go:134] &#x9;Container manager ready: true, restart count 0&#xA;I0922 20:07:30.982289 23039 dump.go:128] svc-tmc-c52/tmc-agent-installer-29309197-f25cj started at 2025-09-22 20:07:00 +0530 IST (0+1 container statuses recorded)&#xA;I0922 20:07:30.982295 23039 dump.go:134] &#x9;Container tmc-agent-installer ready: false, restart count 0&#xA;I0922 20:07:30.982302 23039 dump.go:128] vmware-system-csi/vsphere-csi-webhook-7fb7645ccf-4bs9r started at 2025-09-22 13:52:26 +0530 IST (0+1 container statuses recorded)&#xA;I0922 20:07:30.982308 23039 dump.go:134] &#x9;Container vsphere-webhook ready: true, restart count 0&#xA;I0922 20:07:30.982315 23039 dump.go:128] vmware-system-zoneop/zone-operator-5b88d9549d-gcm8r started at 2025-09-22 13:54:24 +0530 IST (0+1 container statuses recorded)&#xA;I0922 20:07:30.982321 23039 dump.go:134] &#x9;Container zone-operator ready: true, restart count 0&#xA;I0922 20:07:30.982328 23039 dump.go:128] kube-system/wcp-authproxy-rgp7m started at 2025-09-22 13:54:24 +0530 IST (0+2 container statuses recorded)&#xA;I0922 20:07:30.982334 23039 dump.go:134] &#x9;Container wcp-apiserver-proxy ready: true, restart count 1&#xA;I0922 20:07:30.982339 23039 dump.go:134] &#x9;Container wcp-authproxy ready: true, restart count 1&#xA;I0922 20:07:30.982346 23039 dump.go:128] vmware-system-monitoring/telegraf-wmdxf started at 2025-09-22 13:54:24 +0530 IST (0+2 container statuses recorded)&#xA;I0922 20:07:30.982351 23039 dump.go:134] &#x9;Container kube-rbac-proxy-monitoring ready: true, restart count 0&#xA;I0922 20:07:30.982364 23039 dump.go:134] &#x9;Container telegraf ready: true, restart count 0&#xA;I0922 20:07:30.982371 23039 dump.go:128] svc-velero-73qej/velero-vsphere-operator-webhook-595c48db96-dxdxn started at 2025-09-22 13:59:31 +0530 IST (0+1 container statuses recorded)&#xA;I0922 20:07:30.982377 23039 dump.go:134] &#x9;Container manager ready: true, restart count 0&#xA;I0922 20:07:30.982384 23039 dump.go:128] svc-tkg-2g4zd/capv-controller-manager-6d76d78468-6vlsz started at 2025-09-22 13:59:46 +0530 IST (0+1 container statuses recorded)&#xA;I0922 20:07:30.982391 23039 dump.go:134] &#x9;Container manager ready: true, restart count 0&#xA;I0922 20:07:30.982398 23039 dump.go:128] kube-system/snapshot-controller-576bd689df-wnbjb started at 2025-09-22 13:52:12 +0530 IST (0+1 container statuses recorded)&#xA;I0922 20:07:30.982420 23039 dump.go:134] &#x9;Container snapshot-controller ready: true, restart count 1&#xA;I0922 20:07:30.982429 23039 dump.go:128] vmware-system-cert-manager/cert-manager-cainjector-6585469798-c92tr started at 2025-09-22 13:51:47 +0530 IST (0+1 container statuses recorded)&#xA;I0922 20:07:30.982436 23039 dump.go:134] &#x9;Container cert-manager-cainjector ready: true, restart count 3&#xA;I0922 20:07:30.982444 23039 dump.go:128] kube-system/kubectl-plugin-vsphere-42377754866b2c0381b3e38dfb4c0918 started at 2025-09-22 13:52:38 +0530 IST (0+1 container statuses recorded)&#xA;I0922 20:07:30.982450 23039 dump.go:134] &#x9;Container kubectl-plugin-vsphere ready: true, restart count 2&#xA;I0922 20:07:31.809311 23039 kubelet_metrics.go:206] &#xA;Latency metrics for node 42377754866b2c0381b3e38dfb4c0918&#xA;I0922 20:07:31.809359 23039 dump.go:109] &#xA;Logging node info for node lvn-dvm-10-167-43-94.dvm.lvn.broadcom.net&#xA;I0922 20:07:32.042026 23039 dump.go:114] Node Info: &amp;Node{ObjectMeta:{lvn-dvm-10-167-43-94.dvm.lvn.broadcom.net    a50dc340-be89-427e-ae0c-7b162a4f8112 233152 0 2025-09-22 14:00:49 +0530 IST &lt;nil&gt; &lt;nil&gt; map[beta.kubernetes.io/arch:amd64 beta.kubernetes.io/os:CRX kubernetes.io/arch:amd64 kubernetes.io/hostname:lvn-dvm-10-167-43-94.dvm.lvn.broadcom.net kubernetes.io/os:CRX node-role.kubernetes.io/agent:agent node.kubernetes.io/role:agent topology.kubernetes.io/zone:domain-c52 type:virtual-kubelet] map[ncp/transport_node: node.alpha.kubernetes.io/ttl:0 vmware-system-esxi-node-moid:host-15 vmware-system/csi-create-csinode-object:true volumes.kubernetes.io/controller-managed-attach-detach:true] [] [] [{kube-controller-manager Update v1 2025-09-22 14:00:49 +0530 IST FieldsV1 {&#34;f:metadata&#34;:{&#34;f:annotations&#34;:{&#34;f:node.alpha.kubernetes.io/ttl&#34;:{}},&#34;f:labels&#34;:{&#34;f:beta.kubernetes.io/arch&#34;:{},&#34;f:beta.kubernetes.io/os&#34;:{}}}} } {spherelet Update v1 2025-09-22 14:00:49 +0530 IST FieldsV1 {&#34;f:metadata&#34;:{&#34;f:annotations&#34;:{&#34;.&#34;:{},&#34;f:ncp/transport_node&#34;:{},&#34;f:vmware-system/csi-create-csinode-object&#34;:{}},&#34;f:labels&#34;:{&#34;.&#34;:{},&#34;f:kubernetes.io/arch&#34;:{},&#34;f:kubernetes.io/hostname&#34;:{},&#34;f:kubernetes.io/os&#34;:{},&#34;f:node.kubernetes.io/role&#34;:{},&#34;f:type&#34;:{}}}} } {wcpsvc Update v1 2025-09-22 14:00:49 +0530 IST FieldsV1 {&#34;f:metadata&#34;:{&#34;f:annotations&#34;:{&#34;f:vmware-system-esxi-node-moid&#34;:{},&#34;f:volumes.kubernetes.io/controller-managed-attach-detach&#34;:{}},&#34;f:labels&#34;:{&#34;f:node-role.kubernetes.io/agent&#34;:{},&#34;f:topology.kubernetes.io/zone&#34;:{}}}} } {spherelet Update v1 2025-09-22 20:07:31 +0530 IST FieldsV1 {&#34;f:status&#34;:{&#34;f:allocatable&#34;:{&#34;f:cpu&#34;:{},&#34;f:memory&#34;:{}},&#34;f:conditions&#34;:{&#34;k:{\&#34;type\&#34;:\&#34;Ready\&#34;}&#34;:{&#34;f:lastHeartbeatTime&#34;:{},&#34;f:lastTransitionTime&#34;:{}}}}} status}]},Spec:NodeSpec{PodCIDR:,DoNotUseExternalID:,ProviderID:,Unschedulable:false,Taints:[]Taint{},ConfigSource:nil,PodCIDRs:[],},Status:NodeStatus{Capacity:ResourceList{cpu: {{6 0} {&lt;nil&gt;} 6 DecimalSI},memory: {{34358616064 0} {&lt;nil&gt;}  BinarySI},pods: {{168 0} {&lt;nil&gt;} 168 DecimalSI},},Allocatable:ResourceList{cpu: {{4370 -3} {&lt;nil&gt;} 4370m DecimalSI},memory: {{25991053312 0} {&lt;nil&gt;} 24787Mi BinarySI},pods: {{168 0} {&lt;nil&gt;} 168 DecimalSI},},Phase:,Conditions:[]NodeCondition{NodeCondition{Type:Ready,Status:True,LastHeartbeatTime:2025-09-22 20:07:31 +0530 IST,LastTransitionTime:2025-09-22 20:07:31 +0530 IST,Reason:KubeletReady,Message:Spherelet is ready.,},},Addresses:[]NodeAddress{NodeAddress{Type:Hostname,Address:lvn-dvm-10-167-43-94.dvm.lvn.broadcom.net,},NodeAddress{Type:InternalIP,Address:10.167.43.94,},},DaemonEndpoints:NodeDaemonEndpoints{KubeletEndpoint:DaemonEndpoint{Port:10250,},},NodeInfo:NodeSystemInfo{MachineID:,SystemUUID:,BootID:,KernelVersion:,OSImage:,ContainerRuntimeVersion:,KubeletVersion:v1.31.6-sph-18d500a,KubeProxyVersion:,OperatingSystem:ESXi,Architecture:amd64,Swap:nil,},Images:[]ContainerImage{},VolumesInUse:[],VolumesAttached:[]AttachedVolume{},Config:nil,RuntimeHandlers:[]NodeRuntimeHandler{},Features:nil,},}&#xA;I0922 20:07:32.042127 23039 dump.go:116] &#xA;Logging kubelet events for node lvn-dvm-10-167-43-94.dvm.lvn.broadcom.net&#xA;I0922 20:07:32.271472 23039 dump.go:121] &#xA;Logging pods the kubelet thinks are on node lvn-dvm-10-167-43-94.dvm.lvn.broadcom.net&#xA;I0922 20:07:33.637819 23039 kubelet_metrics.go:206] &#xA;Latency metrics for node lvn-dvm-10-167-43-94.dvm.lvn.broadcom.net&#xA;I0922 20:07:33.638050 23039 dump.go:109] &#xA;Logging node info for node lvn-dvm-10-167-45-246.dvm.lvn.broadcom.net&#xA;I0922 20:07:33.912332 23039 dump.go:114] Node Info: &amp;Node{ObjectMeta:{lvn-dvm-10-167-45-246.dvm.lvn.broadcom.net    4688da20-3afe-4ce0-93d7-aded22dd2e01 233166 0 2025-09-22 13:59:18 +0530 IST &lt;nil&gt; &lt;nil&gt; map[beta.kubernetes.io/arch:amd64 beta.kubernetes.io/os:CRX kubernetes.io/arch:amd64 kubernetes.io/hostname:lvn-dvm-10-167-45-246.dvm.lvn.broadcom.net kubernetes.io/os:CRX node-role.kubernetes.io/agent:agent node.kubernetes.io/role:agent topology.kubernetes.io/zone:domain-c52 type:virtual-kubelet] map[ncp/transport_node: node.alpha.kubernetes.io/ttl:0 vmware-system-esxi-node-moid:host-18 vmware-system/csi-create-csinode-object:true volumes.kubernetes.io/controller-managed-attach-detach:true] [] [] [{kube-controller-manager Update v1 2025-09-22 13:59:18 +0530 IST FieldsV1 {&#34;f:metadata&#34;:{&#34;f:annotations&#34;:{&#34;f:node.alpha.kubernetes.io/ttl&#34;:{}},&#34;f:labels&#34;:{&#34;f:beta.kubernetes.io/arch&#34;:{},&#34;f:beta.kubernetes.io/os&#34;:{}}}} } {spherelet Update v1 2025-09-22 13:59:18 +0530 IST FieldsV1 {&#34;f:metadata&#34;:{&#34;f:annotations&#34;:{&#34;.&#34;:{},&#34;f:ncp/transport_node&#34;:{},&#34;f:vmware-system/csi-create-csinode-object&#34;:{}},&#34;f:labels&#34;:{&#34;.&#34;:{},&#34;f:kubernetes.io/arch&#34;:{},&#34;f:kubernetes.io/hostname&#34;:{},&#34;f:kubernetes.io/os&#34;:{},&#34;f:node.kubernetes.io/role&#34;:{},&#34;f:type&#34;:{}}}} } {wcpsvc Update v1 2025-09-22 13:59:18 +0530 IST FieldsV1 {&#34;f:metadata&#34;:{&#34;f:annotations&#34;:{&#34;f:vmware-system-esxi-node-moid&#34;:{},&#34;f:volumes.kubernetes.io/controller-managed-attach-detach&#34;:{}},&#34;f:labels&#34;:{&#34;f:node-role.kubernetes.io/agent&#34;:{},&#34;f:topology.kubernetes.io/zone&#34;:{}}}} } {spherelet Update v1 2025-09-22 20:07:33 +0530 IST FieldsV1 {&#34;f:status&#34;:{&#34;f:allocatable&#34;:{&#34;f:cpu&#34;:{},&#34;f:memory&#34;:{}},&#34;f:conditions&#34;:{&#34;k:{\&#34;type\&#34;:\&#34;Ready\&#34;}&#34;:{&#34;f:lastHeartbeatTime&#34;:{},&#34;f:lastTransitionTime&#34;:{}}}}} status}]},Spec:NodeSpec{PodCIDR:,DoNotUseExternalID:,ProviderID:,Unschedulable:false,Taints:[]Taint{},ConfigSource:nil,PodCIDRs:[],},Status:NodeStatus{Capacity:ResourceList{cpu: {{6 0} {&lt;nil&gt;} 6 DecimalSI},memory: {{34358616064 0} {&lt;nil&gt;}  BinarySI},pods: {{168 0} {&lt;nil&gt;} 168 DecimalSI},},Allocatable:ResourceList{cpu: {{4370 -3} {&lt;nil&gt;} 4370m DecimalSI},memory: {{25992101888 0} {&lt;nil&gt;} 24788Mi BinarySI},pods: {{168 0} {&lt;nil&gt;} 168 DecimalSI},},Phase:,Conditions:[]NodeCondition{NodeCondition{Type:Ready,Status:True,LastHeartbeatTime:2025-09-22 20:07:33 +0530 IST,LastTransitionTime:2025-09-22 20:07:33 +0530 IST,Reason:KubeletReady,Message:Spherelet is ready.,},},Addresses:[]NodeAddress{NodeAddress{Type:Hostname,Address:lvn-dvm-10-167-45-246.dvm.lvn.broadcom.net,},NodeAddress{Type:InternalIP,Address:10.167.45.246,},},DaemonEndpoints:NodeDaemonEndpoints{KubeletEndpoint:DaemonEndpoint{Port:10250,},},NodeInfo:NodeSystemInfo{MachineID:,SystemUUID:,BootID:,KernelVersion:,OSImage:,ContainerRuntimeVersion:,KubeletVersion:v1.31.6-sph-18d500a,KubeProxyVersion:,OperatingSystem:ESXi,Architecture:amd64,Swap:nil,},Images:[]ContainerImage{},VolumesInUse:[],VolumesAttached:[]AttachedVolume{},Config:nil,RuntimeHandlers:[]NodeRuntimeHandler{},Features:nil,},}&#xA;I0922 20:07:33.912503 23039 dump.go:116] &#xA;Logging kubelet events for node lvn-dvm-10-167-45-246.dvm.lvn.broadcom.net&#xA;I0922 20:07:34.141574 23039 dump.go:121] &#xA;Logging pods the kubelet thinks are on node lvn-dvm-10-167-45-246.dvm.lvn.broadcom.net&#xA;I0922 20:07:35.097668 23039 kubelet_metrics.go:206] &#xA;Latency metrics for node lvn-dvm-10-167-45-246.dvm.lvn.broadcom.net&#xA;I0922 20:07:35.097797 23039 dump.go:109] &#xA;Logging node info for node lvn-dvm-10-167-47-173.dvm.lvn.broadcom.net&#xA;I0922 20:07:35.331728 23039 dump.go:114] Node Info: &amp;Node{ObjectMeta:{lvn-dvm-10-167-47-173.dvm.lvn.broadcom.net    36fb80c7-d50c-4678-ba8a-fcd02989d2e9 233172 0 2025-09-22 13:57:53 +0530 IST &lt;nil&gt; &lt;nil&gt; map[beta.kubernetes.io/arch:amd64 beta.kubernetes.io/os:CRX kubernetes.io/arch:amd64 kubernetes.io/hostname:lvn-dvm-10-167-47-173.dvm.lvn.broadcom.net kubernetes.io/os:CRX node-role.kubernetes.io/agent:agent node.kubernetes.io/role:agent topology.kubernetes.io/zone:domain-c52 type:virtual-kubelet] map[ncp/transport_node: node.alpha.kubernetes.io/ttl:0 vmware-system-esxi-node-moid:host-23 vmware-system/csi-create-csinode-object:true volumes.kubernetes.io/controller-managed-attach-detach:true] [] [] [{kube-controller-manager Update v1 2025-09-22 13:57:53 +0530 IST FieldsV1 {&#34;f:metadata&#34;:{&#34;f:annotations&#34;:{&#34;f:node.alpha.kubernetes.io/ttl&#34;:{}},&#34;f:labels&#34;:{&#34;f:beta.kubernetes.io/arch&#34;:{},&#34;f:beta.kubernetes.io/os&#34;:{}}}} } {spherelet Update v1 2025-09-22 13:57:53 +0530 IST FieldsV1 {&#34;f:metadata&#34;:{&#34;f:annotations&#34;:{&#34;.&#34;:{},&#34;f:ncp/transport_node&#34;:{},&#34;f:vmware-system/csi-create-csinode-object&#34;:{}},&#34;f:labels&#34;:{&#34;.&#34;:{},&#34;f:kubernetes.io/arch&#34;:{},&#34;f:kubernetes.io/hostname&#34;:{},&#34;f:kubernetes.io/os&#34;:{},&#34;f:node.kubernetes.io/role&#34;:{},&#34;f:type&#34;:{}}}} } {wcpsvc Update v1 2025-09-22 13:57:53 +0530 IST FieldsV1 {&#34;f:metadata&#34;:{&#34;f:annotations&#34;:{&#34;f:vmware-system-esxi-node-moid&#34;:{},&#34;f:volumes.kubernetes.io/controller-managed-attach-detach&#34;:{}},&#34;f:labels&#34;:{&#34;f:node-role.kubernetes.io/agent&#34;:{},&#34;f:topology.kubernetes.io/zone&#34;:{}}}} } {spherelet Update v1 2025-09-22 20:07:33 +0530 IST FieldsV1 {&#34;f:status&#34;:{&#34;f:allocatable&#34;:{&#34;f:cpu&#34;:{},&#34;f:memory&#34;:{}},&#34;f:conditions&#34;:{&#34;k:{\&#34;type\&#34;:\&#34;Ready\&#34;}&#34;:{&#34;f:lastHeartbeatTime&#34;:{},&#34;f:lastTransitionTime&#34;:{}}}}} status}]},Spec:NodeSpec{PodCIDR:,DoNotUseExternalID:,ProviderID:,Unschedulable:false,Taints:[]Taint{},ConfigSource:nil,PodCIDRs:[],},Status:NodeStatus{Capacity:ResourceList{cpu: {{6 0} {&lt;nil&gt;} 6 DecimalSI},memory: {{34358616064 0} {&lt;nil&gt;}  BinarySI},pods: {{168 0} {&lt;nil&gt;} 168 DecimalSI},},Allocatable:ResourceList{cpu: {{4370 -3} {&lt;nil&gt;} 4370m DecimalSI},memory: {{25962741760 0} {&lt;nil&gt;}  BinarySI},pods: {{168 0} {&lt;nil&gt;} 168 DecimalSI},},Phase:,Conditions:[]NodeCondition{NodeCondition{Type:Ready,Status:True,LastHeartbeatTime:2025-09-22 20:07:33 +0530 IST,LastTransitionTime:2025-09-22 20:07:33 +0530 IST,Reason:KubeletReady,Message:Spherelet is ready.,},},Addresses:[]NodeAddress{NodeAddress{Type:Hostname,Address:lvn-dvm-10-167-47-173.dvm.lvn.broadcom.net,},NodeAddress{Type:InternalIP,Address:10.167.47.173,},},DaemonEndpoints:NodeDaemonEndpoints{KubeletEndpoint:DaemonEndpoint{Port:10250,},},NodeInfo:NodeSystemInfo{MachineID:,SystemUUID:,BootID:,KernelVersion:,OSImage:,ContainerRuntimeVersion:,KubeletVersion:v1.31.6-sph-18d500a,KubeProxyVersion:,OperatingSystem:ESXi,Architecture:amd64,Swap:nil,},Images:[]ContainerImage{},VolumesInUse:[],VolumesAttached:[]AttachedVolume{},Config:nil,RuntimeHandlers:[]NodeRuntimeHandler{},Features:nil,},}&#xA;I0922 20:07:35.331885 23039 dump.go:116] &#xA;Logging kubelet events for node lvn-dvm-10-167-47-173.dvm.lvn.broadcom.net&#xA;I0922 20:07:35.560270 23039 dump.go:121] &#xA;Logging pods the kubelet thinks are on node lvn-dvm-10-167-47-173.dvm.lvn.broadcom.net&#xA;I0922 20:07:36.500490 23039 kubelet_metrics.go:206] &#xA;Latency metrics for node lvn-dvm-10-167-47-173.dvm.lvn.broadcom.net&#xA;END STEP: dump namespace information after failure - /Users/nhemanth/go/pkg/mod/k8s.io/kubernetes@v1.33.0/test/e2e/framework/framework.go:297 @ 09/22/25 20:07:36.502 (8.138s)&#xA;&lt; Exit [DeferCleanup (Each)] Transaction_Support_Create_Volume - dump namespaces | framework.go:218 @ 09/22/25 20:07:36.502 (8.138s)&#xA;&gt; Enter [DeferCleanup (Each)] Transaction_Support_Create_Volume - tear down framework | framework.go:215 @ 09/22/25 20:07:36.502&#xA;STEP: Destroying namespace &#34;transaction-support-1211&#34; for this suite. - /Users/nhemanth/go/pkg/mod/k8s.io/kubernetes@v1.33.0/test/e2e/framework/framework.go:360 @ 09/22/25 20:07:36.502&#xA;&lt; Exit [DeferCleanup (Each)] Transaction_Support_Create_Volume - tear down framework | framework.go:215 @ 09/22/25 20:07:36.734 (232ms)&#xA;</system-err>
          </testcase>
          <testcase name="[It] Transaction_Support_DeleteVolume Transaction_Support_Table_Tests CSI-Service-Down [csi-block-vanilla] [csi-guest] [csi-supervisor] Veify Delete Volume With Transaction Support During Service Down-APD-vSAN-Partitioning [p0, disruptive, block, windows, wcp, tkg, vanilla, vc91]" classname="CNS-CSI-Driver-End-to-End-Transaction-Support-Tests" status="skipped" time="0">
              <skipped message="skipped"></skipped>
          </testcase>
          <testcase name="[It] Transaction_Support_DeleteVolume Transaction_Support_Table_Tests Datastore-APD [csi-block-vanilla] [csi-guest] [csi-supervisor] Veify Delete Volume With Transaction Support During Service Down-APD-vSAN-Partitioning [p0, disruptive, block, windows, wcp, tkg, vanilla, vc91]" classname="CNS-CSI-Driver-End-to-End-Transaction-Support-Tests" status="skipped" time="0">
              <skipped message="skipped"></skipped>
          </testcase>
          <testcase name="[It] [sig-node] [Feature:ContainerStopSignals] when create a pod with a StopSignal lifecycle StopSignal defined with pod.OS [sig-node, Feature:ContainerStopSignals]" classname="CNS-CSI-Driver-End-to-End-Transaction-Support-Tests" status="skipped" time="0">
              <skipped message="skipped"></skipped>
          </testcase>
      </testsuite>
  </testsuites>